#
# There is insufficient memory for the Java Runtime Environment to continue.
# Native memory allocation (malloc) failed to allocate 1173104 bytes for Chunk::new
# Possible reasons:
#   The system is out of physical RAM or swap space
#   The process is running with CompressedOops enabled, and the Java Heap may be blocking the growth of the native heap
# Possible solutions:
#   Reduce memory load on the system
#   Increase physical memory or swap space
#   Check if swap backing store is full
#   Decrease Java heap size (-Xmx/-Xms)
#   Decrease number of Java threads
#   Decrease Java thread stack sizes (-Xss)
#   Set larger code cache with -XX:ReservedCodeCacheSize=
#   JVM is running with Unscaled Compressed Oops mode in which the Java heap is
#     placed in the first 4GB address space. The Java Heap base address is the
#     maximum limit for the native heap growth. Please use -XX:HeapBaseMinAddress
#     to set the Java Heap base and to place the Java Heap above 4GB virtual address.
# This output file may be truncated or incomplete.
#
#  Out of Memory Error (allocation.cpp:389), pid=11824, tid=0x0000000000002218
#
# JRE version: OpenJDK Runtime Environment (8.0_242-b01) (build 1.8.0_242-release-1644-b01)
# Java VM: OpenJDK 64-Bit Server VM (25.242-b01 mixed mode windows-amd64 compressed oops)
# Failed to write core dump. Minidumps are not enabled by default on client versions of Windows
#

---------------  T H R E A D  ---------------

Current thread (0x0000000017a59000):  JavaThread "C2 CompilerThread0" daemon [_thread_in_native, id=8728, stack(0x000000001a120000,0x000000001a220000)]

Stack: [0x000000001a120000,0x000000001a220000]
[error occurred during error reporting (printing stack bounds), id 0xc0000005]

Native frames: (J=compiled Java code, j=interpreted, Vv=VM code, C=native code)


Current CompileTask:
C2:   9084 8741   !   4       java.io.ObjectOutputStream::writeObject0 (619 bytes)


---------------  P R O C E S S  ---------------

Java Threads: ( => current thread )
  0x000000001c7b6800 JavaThread "stdout" [_thread_in_native, id=1884, stack(0x000000002f8c0000,0x000000002f9c0000)]
  0x000000001c7b6000 JavaThread "stderr" [_thread_in_native, id=4276, stack(0x000000002f7c0000,0x000000002f8c0000)]
  0x000000001c7b3000 JavaThread "stdout" [_thread_in_native, id=7720, stack(0x000000002e500000,0x000000002e600000)]
  0x000000001c7b7800 JavaThread "stderr" [_thread_in_native, id=13512, stack(0x000000002e400000,0x000000002e500000)]
  0x000000001c7ab000 JavaThread "stdout" [_thread_in_native, id=1696, stack(0x000000002f6c0000,0x000000002f7c0000)]
  0x000000001c7b2000 JavaThread "stderr" [_thread_in_native, id=8256, stack(0x000000002f5c0000,0x000000002f6c0000)]
  0x000000001c7aa800 JavaThread "WorkerExecutor Queue Thread 8" [_thread_blocked, id=11876, stack(0x000000002f4c0000,0x000000002f5c0000)]
  0x000000001c7b1800 JavaThread "stdout" [_thread_in_native, id=8400, stack(0x000000002f3c0000,0x000000002f4c0000)]
  0x000000001c7ac000 JavaThread "stderr" [_thread_in_native, id=14288, stack(0x000000002f2c0000,0x000000002f3c0000)]
  0x000000001c7ad800 JavaThread "stdout" [_thread_in_native, id=8080, stack(0x000000002f1c0000,0x000000002f2c0000)]
  0x000000001c7b0800 JavaThread "stderr" [_thread_in_native, id=2640, stack(0x000000002f0c0000,0x000000002f1c0000)]
  0x000000001c7af800 JavaThread "WorkerExecutor Queue Thread 7" [_thread_blocked, id=14048, stack(0x000000002efc0000,0x000000002f0c0000)]
  0x000000001c7a9800 JavaThread "pool-2-thread-1" [_thread_blocked, id=13592, stack(0x000000002eec0000,0x000000002efc0000)]
  0x000000001c7af000 JavaThread "WorkerExecutor Queue Thread 6" [_thread_blocked, id=14284, stack(0x000000002edc0000,0x000000002eec0000)]
  0x000000001c7a9000 JavaThread "WorkerExecutor Queue Thread 5" [_thread_blocked, id=2636, stack(0x000000002ecc0000,0x000000002edc0000)]
  0x000000001c7ac800 JavaThread "WorkerExecutor Queue Thread 4" [_thread_blocked, id=7708, stack(0x000000002ebc0000,0x000000002ecc0000)]
  0x000000001c7ae000 JavaThread "WorkerExecutor Queue Thread 3" [_thread_blocked, id=5760, stack(0x000000002eac0000,0x000000002ebc0000)]
  0x0000000023570800 JavaThread "WorkerExecutor Queue Thread 2" [_thread_blocked, id=13056, stack(0x000000002e9c0000,0x000000002eac0000)]
  0x000000002356f000 JavaThread "WorkerExecutor Queue" [_thread_blocked, id=11464, stack(0x000000002e8c0000,0x000000002e9c0000)]
  0x0000000023565000 JavaThread "Cache worker for execution history cache (C:\Users\Nicolas\Desktop\AndroidFinalProjectCoffeeApp\.gradle\6.5\executionHistory)" [_thread_blocked, id=8824, stack(0x000000002da00000,0x000000002db00000)]
  0x000000002356c000 JavaThread "Execution worker for ':' Thread 7" [_thread_blocked, id=12792, stack(0x000000002d900000,0x000000002da00000)]
  0x0000000023564000 JavaThread "Execution worker for ':' Thread 6" [_thread_in_vm, id=13464, stack(0x000000002d800000,0x000000002d900000)]
  0x000000002356a800 JavaThread "Execution worker for ':' Thread 5" [_thread_blocked, id=10540, stack(0x000000002d700000,0x000000002d800000)]
  0x000000002356b000 JavaThread "Execution worker for ':' Thread 4" [_thread_blocked, id=10216, stack(0x000000002d600000,0x000000002d700000)]
  0x0000000023563800 JavaThread "Execution worker for ':' Thread 3" [_thread_blocked, id=11340, stack(0x000000002d500000,0x000000002d600000)]
  0x0000000023562800 JavaThread "Execution worker for ':' Thread 2" [_thread_blocked, id=11628, stack(0x000000002d400000,0x000000002d500000)]
  0x0000000023569800 JavaThread "Execution worker for ':'" [_thread_blocked, id=4256, stack(0x000000002d300000,0x000000002d400000)]
  0x0000000023567000 JavaThread "Cache worker for file content cache (C:\Users\Nicolas\Desktop\AndroidFinalProjectCoffeeApp\.gradle\6.5\fileContent)" [_thread_blocked, id=6200, stack(0x000000002cb40000,0x000000002cc40000)]
  0x0000000023566800 JavaThread "Memory manager" [_thread_blocked, id=5752, stack(0x000000002b260000,0x000000002b360000)]
  0x0000000023568000 JavaThread "Cache worker for Build Output Cleanup Cache (C:\Users\Nicolas\Desktop\AndroidFinalProjectCoffeeApp\.gradle\buildOutputCleanup)" [_thread_blocked, id=5856, stack(0x000000002a870000,0x000000002a970000)]
  0x000000001fcf7000 JavaThread "jar transforms Thread 94" [_thread_blocked, id=9028, stack(0x000000002a770000,0x000000002a870000)]
  0x000000001fcf6800 JavaThread "jar transforms Thread 93" [_thread_blocked, id=11208, stack(0x000000002a670000,0x000000002a770000)]
  0x000000001fcf5800 JavaThread "jar transforms Thread 92" [_thread_blocked, id=11496, stack(0x000000002a570000,0x000000002a670000)]
  0x000000001fcf3800 JavaThread "jar transforms Thread 91" [_thread_blocked, id=6592, stack(0x000000002a470000,0x000000002a570000)]
  0x000000001fcf2800 JavaThread "jar transforms Thread 90" [_thread_blocked, id=11320, stack(0x000000002a370000,0x000000002a470000)]
  0x000000001fcf5000 JavaThread "jar transforms Thread 89" [_thread_blocked, id=14000, stack(0x000000002a270000,0x000000002a370000)]
  0x000000001fcf2000 JavaThread "jar transforms Thread 88" [_thread_blocked, id=14312, stack(0x000000002a170000,0x000000002a270000)]
  0x000000001fcf4000 JavaThread "jar transforms Thread 87" [_thread_blocked, id=1268, stack(0x000000002a070000,0x000000002a170000)]
  0x000000001fce9800 JavaThread "jar transforms Thread 86" [_thread_blocked, id=5008, stack(0x0000000029f70000,0x000000002a070000)]
  0x000000001fcf0800 JavaThread "jar transforms Thread 85" [_thread_blocked, id=7056, stack(0x0000000029e70000,0x0000000029f70000)]
  0x000000001fcef800 JavaThread "jar transforms Thread 84" [_thread_blocked, id=1628, stack(0x0000000029d70000,0x0000000029e70000)]
  0x000000001fcec000 JavaThread "jar transforms Thread 83" [_thread_blocked, id=6780, stack(0x0000000029c70000,0x0000000029d70000)]
  0x000000001fcef000 JavaThread "jar transforms Thread 82" [_thread_blocked, id=10236, stack(0x0000000029b70000,0x0000000029c70000)]
  0x000000001fceb000 JavaThread "jar transforms Thread 81" [_thread_blocked, id=2052, stack(0x0000000029a70000,0x0000000029b70000)]
  0x000000001fcec800 JavaThread "jar transforms Thread 80" [_thread_blocked, id=12116, stack(0x0000000029970000,0x0000000029a70000)]
  0x000000001fce8000 JavaThread "jar transforms Thread 79" [_thread_blocked, id=7796, stack(0x0000000029870000,0x0000000029970000)]
  0x000000001fcee000 JavaThread "jar transforms Thread 78" [_thread_blocked, id=11536, stack(0x0000000029770000,0x0000000029870000)]
  0x000000001fce9000 JavaThread "jar transforms Thread 77" [_thread_blocked, id=11024, stack(0x0000000029670000,0x0000000029770000)]
  0x000000001fcea800 JavaThread "jar transforms Thread 76" [_thread_blocked, id=11480, stack(0x0000000029570000,0x0000000029670000)]
  0x000000001fced800 JavaThread "jar transforms Thread 75" [_thread_blocked, id=13624, stack(0x0000000029470000,0x0000000029570000)]
  0x000000001fce7000 JavaThread "jar transforms Thread 74" [_thread_blocked, id=2748, stack(0x0000000029370000,0x0000000029470000)]
  0x000000001fce6800 JavaThread "jar transforms Thread 73" [_thread_blocked, id=11368, stack(0x0000000029270000,0x0000000029370000)]
  0x000000001fcdf000 JavaThread "jar transforms Thread 72" [_thread_blocked, id=5388, stack(0x0000000029170000,0x0000000029270000)]
  0x000000001fce5800 JavaThread "jar transforms Thread 71" [_thread_blocked, id=9432, stack(0x0000000029070000,0x0000000029170000)]
  0x000000001fcde000 JavaThread "jar transforms Thread 70" [_thread_blocked, id=14164, stack(0x0000000028f70000,0x0000000029070000)]
  0x000000001fce4000 JavaThread "jar transforms Thread 69" [_thread_blocked, id=1832, stack(0x0000000028e70000,0x0000000028f70000)]
  0x000000001fce5000 JavaThread "jar transforms Thread 68" [_thread_blocked, id=14300, stack(0x0000000028d70000,0x0000000028e70000)]
  0x000000001fce1000 JavaThread "jar transforms Thread 67" [_thread_blocked, id=14296, stack(0x0000000028c70000,0x0000000028d70000)]
  0x000000001fce3800 JavaThread "jar transforms Thread 66" [_thread_blocked, id=10328, stack(0x0000000028b70000,0x0000000028c70000)]
  0x000000001fce2800 JavaThread "jar transforms Thread 65" [_thread_blocked, id=6868, stack(0x0000000028a70000,0x0000000028b70000)]
  0x000000001fce2000 JavaThread "jar transforms Thread 64" [_thread_blocked, id=7584, stack(0x0000000028970000,0x0000000028a70000)]
  0x000000001fcd9800 JavaThread "jar transforms Thread 63" [_thread_blocked, id=8988, stack(0x0000000028870000,0x0000000028970000)]
  0x000000001fcdc000 JavaThread "jar transforms Thread 62" [_thread_blocked, id=1612, stack(0x0000000028770000,0x0000000028870000)]
  0x000000001fce0800 JavaThread "jar transforms Thread 61" [_thread_blocked, id=4220, stack(0x0000000028670000,0x0000000028770000)]
  0x000000001fcdc800 JavaThread "jar transforms Thread 60" [_thread_blocked, id=6348, stack(0x0000000028570000,0x0000000028670000)]
  0x000000001fcd9000 JavaThread "jar transforms Thread 59" [_thread_blocked, id=7808, stack(0x0000000028470000,0x0000000028570000)]
  0x000000001fcdf800 JavaThread "jar transforms Thread 58" [_thread_blocked, id=8404, stack(0x0000000028370000,0x0000000028470000)]
  0x000000001fcdb000 JavaThread "jar transforms Thread 57" [_thread_blocked, id=4948, stack(0x0000000028270000,0x0000000028370000)]
  0x000000001fcdd800 JavaThread "jar transforms Thread 56" [_thread_blocked, id=804, stack(0x0000000028170000,0x0000000028270000)]
  0x000000001fcd8000 JavaThread "jar transforms Thread 55" [_thread_blocked, id=6696, stack(0x0000000028070000,0x0000000028170000)]
  0x000000001fcda800 JavaThread "jar transforms Thread 54" [_thread_blocked, id=13584, stack(0x0000000027f70000,0x0000000028070000)]
  0x000000001cb8a000 JavaThread "jar transforms Thread 53" [_thread_blocked, id=12664, stack(0x0000000027e70000,0x0000000027f70000)]
  0x000000001cb8e000 JavaThread "jar transforms Thread 52" [_thread_blocked, id=7428, stack(0x0000000027d70000,0x0000000027e70000)]
  0x000000001cb8d000 JavaThread "jar transforms Thread 51" [_thread_blocked, id=8736, stack(0x0000000027c70000,0x0000000027d70000)]
  0x000000001cb8c800 JavaThread "jar transforms Thread 50" [_thread_blocked, id=500, stack(0x0000000027b70000,0x0000000027c70000)]
  0x000000001cb8b800 JavaThread "jar transforms Thread 49" [_thread_blocked, id=12156, stack(0x0000000027a70000,0x0000000027b70000)]
  0x000000001cb88800 JavaThread "jar transforms Thread 48" [_thread_blocked, id=7772, stack(0x0000000027970000,0x0000000027a70000)]
  0x000000001cb89800 JavaThread "jar transforms Thread 47" [_thread_blocked, id=12688, stack(0x0000000027870000,0x0000000027970000)]
  0x000000001cb8b000 JavaThread "jar transforms Thread 46" [_thread_blocked, id=11140, stack(0x0000000027770000,0x0000000027870000)]
  0x000000001cb82000 JavaThread "jar transforms Thread 45" [_thread_blocked, id=6796, stack(0x0000000027670000,0x0000000027770000)]
  0x000000001cb81000 JavaThread "jar transforms Thread 44" [_thread_blocked, id=8848, stack(0x0000000027570000,0x0000000027670000)]
  0x000000001cb88000 JavaThread "jar transforms Thread 43" [_thread_blocked, id=9564, stack(0x0000000027470000,0x0000000027570000)]
  0x000000001cb80800 JavaThread "jar transforms Thread 42" [_thread_blocked, id=8476, stack(0x0000000027370000,0x0000000027470000)]
  0x000000001cb85000 JavaThread "jar transforms Thread 41" [_thread_blocked, id=12092, stack(0x0000000027270000,0x0000000027370000)]
  0x000000001cb83800 JavaThread "jar transforms Thread 40" [_thread_blocked, id=9488, stack(0x0000000027170000,0x0000000027270000)]
  0x000000001cb84000 JavaThread "jar transforms Thread 39" [_thread_blocked, id=11404, stack(0x0000000027070000,0x0000000027170000)]
  0x000000001cb86800 JavaThread "jar transforms Thread 38" [_thread_blocked, id=7996, stack(0x0000000026f70000,0x0000000027070000)]
  0x000000001cb82800 JavaThread "jar transforms Thread 37" [_thread_blocked, id=12232, stack(0x0000000026e70000,0x0000000026f70000)]
  0x000000001cb87000 JavaThread "jar transforms Thread 36" [_thread_blocked, id=10956, stack(0x0000000026d70000,0x0000000026e70000)]
  0x000000001cb7f800 JavaThread "jar transforms Thread 35" [_thread_blocked, id=12040, stack(0x0000000026c70000,0x0000000026d70000)]
  0x000000001cb7f000 JavaThread "jar transforms Thread 34" [_thread_blocked, id=3356, stack(0x0000000026b70000,0x0000000026c70000)]
  0x000000001cb85800 JavaThread "jar transforms Thread 33" [_thread_blocked, id=3236, stack(0x0000000026a70000,0x0000000026b70000)]
  0x000000001c950800 JavaThread "jar transforms Thread 32" [_thread_blocked, id=4572, stack(0x0000000026970000,0x0000000026a70000)]
  0x000000001c954800 JavaThread "jar transforms Thread 31" [_thread_blocked, id=7296, stack(0x0000000026870000,0x0000000026970000)]
  0x000000001c951800 JavaThread "jar transforms Thread 30" [_thread_blocked, id=10516, stack(0x0000000026770000,0x0000000026870000)]
  0x000000001c94f000 JavaThread "jar transforms Thread 29" [_thread_blocked, id=13832, stack(0x0000000026670000,0x0000000026770000)]
  0x000000001c950000 JavaThread "jar transforms Thread 28" [_thread_blocked, id=4996, stack(0x0000000026570000,0x0000000026670000)]
  0x000000001c952000 JavaThread "jar transforms Thread 27" [_thread_blocked, id=8820, stack(0x0000000026470000,0x0000000026570000)]
  0x000000001c953800 JavaThread "jar transforms Thread 26" [_thread_blocked, id=7228, stack(0x0000000026370000,0x0000000026470000)]
  0x000000001c953000 JavaThread "jar transforms Thread 25" [_thread_blocked, id=11248, stack(0x0000000026270000,0x0000000026370000)]
  0x000000001c947800 JavaThread "jar transforms Thread 24" [_thread_blocked, id=10732, stack(0x0000000026170000,0x0000000026270000)]
  0x000000001c94e800 JavaThread "jar transforms Thread 23" [_thread_blocked, id=9676, stack(0x0000000026070000,0x0000000026170000)]
  0x000000001c94d800 JavaThread "jar transforms Thread 22" [_thread_blocked, id=10464, stack(0x0000000025f70000,0x0000000026070000)]
  0x000000001c94a800 JavaThread "jar transforms Thread 21" [_thread_blocked, id=5932, stack(0x0000000025e70000,0x0000000025f70000)]
  0x000000001c947000 JavaThread "jar transforms Thread 20" [_thread_blocked, id=8420, stack(0x0000000025d70000,0x0000000025e70000)]
  0x000000001c94d000 JavaThread "jar transforms Thread 19" [_thread_blocked, id=2700, stack(0x0000000025c70000,0x0000000025d70000)]
  0x000000001c948800 JavaThread "jar transforms Thread 18" [_thread_blocked, id=3312, stack(0x0000000025b70000,0x0000000025c70000)]
  0x000000001c94b800 JavaThread "jar transforms Thread 17" [_thread_blocked, id=9644, stack(0x0000000025a70000,0x0000000025b70000)]
  0x000000001c94c000 JavaThread "jar transforms Thread 16" [_thread_blocked, id=13548, stack(0x0000000025970000,0x0000000025a70000)]
  0x000000001c949000 JavaThread "jar transforms Thread 15" [_thread_blocked, id=4896, stack(0x0000000025870000,0x0000000025970000)]
  0x000000001c945800 JavaThread "jar transforms Thread 14" [_thread_blocked, id=8500, stack(0x0000000025770000,0x0000000025870000)]
  0x000000001c946000 JavaThread "jar transforms Thread 13" [_thread_blocked, id=8284, stack(0x0000000025670000,0x0000000025770000)]
  0x000000001c94a000 JavaThread "jar transforms Thread 12" [_thread_blocked, id=8672, stack(0x0000000025570000,0x0000000025670000)]
  0x000000001c312800 JavaThread "jar transforms Thread 11" [_thread_blocked, id=10564, stack(0x0000000025470000,0x0000000025570000)]
  0x000000001c311800 JavaThread "jar transforms Thread 10" [_thread_blocked, id=5800, stack(0x0000000025370000,0x0000000025470000)]
  0x000000001c311000 JavaThread "jar transforms Thread 9" [_thread_blocked, id=9132, stack(0x0000000025270000,0x0000000025370000)]
  0x000000001c310000 JavaThread "jar transforms Thread 8" [_thread_blocked, id=13428, stack(0x0000000025170000,0x0000000025270000)]
  0x000000001c308800 JavaThread "jar transforms Thread 7" [_thread_blocked, id=10180, stack(0x0000000025070000,0x0000000025170000)]
  0x000000001c30e800 JavaThread "jar transforms Thread 6" [_thread_blocked, id=9212, stack(0x0000000024f70000,0x0000000025070000)]
  0x000000001c30f800 JavaThread "jar transforms Thread 5" [_thread_blocked, id=7076, stack(0x0000000024e70000,0x0000000024f70000)]
  0x000000001c30d800 JavaThread "jar transforms Thread 4" [_thread_blocked, id=6884, stack(0x0000000024d70000,0x0000000024e70000)]
  0x000000001c30d000 JavaThread "jar transforms Thread 3" [_thread_blocked, id=9032, stack(0x0000000024c70000,0x0000000024d70000)]
  0x000000001c305800 JavaThread "jar transforms Thread 2" [_thread_blocked, id=11656, stack(0x0000000024b70000,0x0000000024c70000)]
  0x000000001c30c000 JavaThread "Build operations Thread 8" [_thread_blocked, id=12940, stack(0x0000000024970000,0x0000000024a70000)]
  0x000000001c30b800 JavaThread "Build operations Thread 7" [_thread_blocked, id=6016, stack(0x0000000024870000,0x0000000024970000)]
  0x000000001c307800 JavaThread "Build operations Thread 6" [_thread_blocked, id=9508, stack(0x0000000024770000,0x0000000024870000)]
  0x000000001c30a800 JavaThread "Build operations Thread 5" [_thread_blocked, id=1796, stack(0x0000000024670000,0x0000000024770000)]
  0x000000001c307000 JavaThread "Build operations Thread 4" [_thread_blocked, id=12280, stack(0x0000000024570000,0x0000000024670000)]
  0x000000001c309000 JavaThread "Build operations Thread 3" [_thread_blocked, id=2252, stack(0x0000000024470000,0x0000000024570000)]
  0x000000001c303000 JavaThread "Build operations Thread 2" [_thread_blocked, id=9348, stack(0x0000000024370000,0x0000000024470000)]
  0x000000001c30a000 JavaThread "Build operations" [_thread_blocked, id=1312, stack(0x0000000024050000,0x0000000024150000)]
  0x000000001c1e8000 JavaThread "Cache worker for file content cache (C:\Users\Nicolas\.gradle\caches\6.5\fileContent)" [_thread_blocked, id=12532, stack(0x0000000022b80000,0x0000000022c80000)]
  0x000000001c1e7000 JavaThread "jar transforms" [_thread_blocked, id=14064, stack(0x0000000022a80000,0x0000000022b80000)]
  0x000000001c1e5000 JavaThread "Cache worker for execution history cache (C:\Users\Nicolas\.gradle\caches\6.5\executionHistory)" [_thread_blocked, id=4232, stack(0x0000000022380000,0x0000000022480000)]
  0x000000001c1e8800 JavaThread "Cache worker for cache directory md-rule (C:\Users\Nicolas\.gradle\caches\6.5\md-rule)" [_thread_blocked, id=5536, stack(0x0000000022280000,0x0000000022380000)]
  0x000000001c1eb800 JavaThread "Cache worker for cache directory md-supplier (C:\Users\Nicolas\.gradle\caches\6.5\md-supplier)" [_thread_blocked, id=4904, stack(0x00000000210d0000,0x00000000211d0000)]
  0x000000001c1eb000 JavaThread "Cache worker for checksums cache (C:\Users\Nicolas\Desktop\AndroidFinalProjectCoffeeApp\.gradle\checksums)" [_thread_blocked, id=7860, stack(0x0000000020d10000,0x0000000020e10000)]
  0x000000001c1e6800 JavaThread "Cache worker for file hash cache (C:\Users\Nicolas\Desktop\AndroidFinalProjectCoffeeApp\.gradle\6.5\fileHashes)" [_thread_blocked, id=12640, stack(0x000000001e840000,0x000000001e940000)]
  0x000000001c1ea000 JavaThread "Cache worker for file hash cache (C:\Users\Nicolas\.gradle\caches\6.5\fileHashes)" [_thread_blocked, id=13520, stack(0x000000001e740000,0x000000001e840000)]
  0x000000001c1e5800 JavaThread "File lock request listener" [_thread_in_native, id=11292, stack(0x000000001e640000,0x000000001e740000)]
  0x000000001c335800 JavaThread "Cache worker for journal cache (C:\Users\Nicolas\.gradle\caches\journal-1)" [_thread_blocked, id=12344, stack(0x000000001e540000,0x000000001e640000)]
  0x000000001b4e3800 JavaThread "Thread-9" [_thread_blocked, id=6244, stack(0x000000001e240000,0x000000001e340000)]
  0x000000001b4bb800 JavaThread "Stdin handler" [_thread_blocked, id=4268, stack(0x000000001e140000,0x000000001e240000)]
  0x000000001b490000 JavaThread "Asynchronous log dispatcher for DefaultDaemonConnection: socket connection from /127.0.0.1:55809 to /127.0.0.1:55810" [_thread_blocked, id=7876, stack(0x000000001e040000,0x000000001e140000)]
  0x000000001b40c800 JavaThread "Daemon worker" [_thread_blocked, id=13376, stack(0x000000001df40000,0x000000001e040000)]
  0x000000001b4e9800 JavaThread "Cancel handler" [_thread_blocked, id=9052, stack(0x000000001de40000,0x000000001df40000)]
  0x000000001c181800 JavaThread "Handler for socket connection from /127.0.0.1:55809 to /127.0.0.1:55810" [_thread_in_native, id=760, stack(0x000000001dd40000,0x000000001de40000)]
  0x000000001c17f800 JavaThread "Daemon" [_thread_blocked, id=6692, stack(0x000000001dc40000,0x000000001dd40000)]
  0x000000001c163800 JavaThread "Daemon periodic checks" [_thread_blocked, id=7032, stack(0x000000001d940000,0x000000001da40000)]
  0x000000001c107800 JavaThread "Incoming local TCP Connector on port 55809" [_thread_in_native, id=4416, stack(0x000000001d700000,0x000000001d800000)]
  0x000000001a755000 JavaThread "Daemon health stats" [_thread_blocked, id=4740, stack(0x000000001d0c0000,0x000000001d1c0000)]
  0x000000001987a000 JavaThread "Service Thread" daemon [_thread_blocked, id=12932, stack(0x000000001a520000,0x000000001a620000)]
  0x0000000019865000 JavaThread "C1 CompilerThread3" daemon [_thread_blocked, id=1488, stack(0x000000001a420000,0x000000001a520000)]
  0x0000000017a5e000 JavaThread "C2 CompilerThread2" daemon [_thread_in_native, id=14040, stack(0x000000001a320000,0x000000001a420000)]
  0x0000000017a5c000 JavaThread "C2 CompilerThread1" daemon [_thread_in_native, id=7420, stack(0x000000001a220000,0x000000001a320000)]
=>0x0000000017a59000 JavaThread "C2 CompilerThread0" daemon [_thread_in_native, id=8728, stack(0x000000001a120000,0x000000001a220000)]
  0x0000000019852800 JavaThread "Attach Listener" daemon [_thread_blocked, id=11768, stack(0x000000001a020000,0x000000001a120000)]
  0x0000000019856800 JavaThread "Signal Dispatcher" daemon [_thread_blocked, id=6264, stack(0x0000000019f20000,0x000000001a020000)]
  0x0000000019841800 JavaThread "Finalizer" daemon [_thread_blocked, id=1252, stack(0x0000000019d20000,0x0000000019e20000)]
  0x0000000019840800 JavaThread "Reference Handler" daemon [_thread_blocked, id=7548, stack(0x0000000019c20000,0x0000000019d20000)]
  0x000000000279e000 JavaThread "main" [_thread_blocked, id=6820, stack(0x00000000027a0000,0x00000000028a0000)]

Other Threads:
  0x0000000017a48000 VMThread [stack: 0x0000000019720000,0x0000000019820000] [id=1484]
  0x000000001987a800 WatcherThread [stack: 0x000000001a620000,0x000000001a720000] [id=3324]

VM state:not at safepoint (normal execution)

VM Mutex/Monitor currently owned by a thread: None

heap address: 0x0000000080000000, size: 2048 MB, Compressed Oops mode: 32-bit
Narrow klass base: 0x0000000000000000, Narrow klass shift: 3
Compressed class space size: 1073741824 Address: 0x0000000100000000

Heap:
 PSYoungGen      total 238080K, used 225607K [0x00000000d5580000, 0x00000000e7f80000, 0x0000000100000000)
  eden space 218624K, 95% used [0x00000000d5580000,0x00000000e2090a80,0x00000000e2b00000)
  from space 19456K, 90% used [0x00000000e2b00000,0x00000000e3c41420,0x00000000e3e00000)
  to   space 21504K, 0% used [0x00000000e6a80000,0x00000000e6a80000,0x00000000e7f80000)
 ParOldGen       total 120832K, used 34159K [0x0000000080000000, 0x0000000087600000, 0x00000000d5580000)
  object space 120832K, 28% used [0x0000000080000000,0x000000008215bca0,0x0000000087600000)
 Metaspace       used 66629K, capacity 70008K, committed 70312K, reserved 1110016K
  class space    used 9125K, capacity 9782K, committed 9904K, reserved 1048576K

Card table byte_map: [0x0000000011da0000,0x00000000121b0000] byte_map_base: 0x00000000119a0000

Marking Bits: (ParMarkBitMap*) 0x00000000583ef030
 Begin Bits: [0x0000000012c60000, 0x0000000014c60000)
 End Bits:   [0x0000000014c60000, 0x0000000016c60000)

Polling page: 0x0000000000a50000

CodeCache: size=245760Kb used=26041Kb max_used=26058Kb free=219718Kb
 bounds [0x00000000029e0000, 0x0000000004370000, 0x00000000119e0000]
 total_blobs=8852 nmethods=8058 adapters=706
 compilation: enabled

Compilation events (10 events):
Event: 9.077 Thread 0x0000000019865000 9154       2       com.android.utils.Pair::<init> (15 bytes)
Event: 9.077 Thread 0x0000000019865000 nmethod 9154 0x00000000043631d0 code [0x0000000004363320, 0x0000000004363490]
Event: 9.077 Thread 0x0000000017a5e000 nmethod 9056 0x0000000004363510 code [0x0000000004363880, 0x0000000004366f78]
Event: 9.077 Thread 0x0000000017a5e000 9141       4       org.gradle.internal.snapshot.SnapshotUtil::getSnapshotFromChild (41 bytes)
Event: 9.080 Thread 0x0000000017a5e000 nmethod 9141 0x0000000004360750 code [0x00000000043608c0, 0x0000000004360ab8]
Event: 9.080 Thread 0x0000000017a5e000 9081       4       com.google.common.collect.NaturalOrdering::compare (13 bytes)
Event: 9.082 Thread 0x0000000019865000 9155       2       com.google.common.collect.RegularImmutableMap::makeImmutable (44 bytes)
Event: 9.082 Thread 0x0000000017a5e000 nmethod 9081 0x000000000435e810 code [0x000000000435e960, 0x000000000435ec18]
Event: 9.082 Thread 0x0000000017a5e000 9068       4       java.io.ObjectInputStream$HandleTable::finish (111 bytes)
Event: 9.083 Thread 0x0000000019865000 nmethod 9155 0x000000000435e250 code [0x000000000435e3c0, 0x000000000435e6d8]

GC Heap History (10 events):
Event: 3.799 GC heap before
{Heap before GC invocations=12 (full 2):
 PSYoungGen      total 139264K, used 128000K [0x00000000d5580000, 0x00000000e1a80000, 0x0000000100000000)
  eden space 128000K, 100% used [0x00000000d5580000,0x00000000dd280000,0x00000000dd280000)
  from space 11264K, 0% used [0x00000000dd280000,0x00000000dd280000,0x00000000ddd80000)
  to   space 12800K, 0% used [0x00000000e0e00000,0x00000000e0e00000,0x00000000e1a80000)
 ParOldGen       total 76288K, used 17312K [0x0000000080000000, 0x0000000084a80000, 0x00000000d5580000)
  object space 76288K, 22% used [0x0000000080000000,0x00000000810e83e0,0x0000000084a80000)
 Metaspace       used 38809K, capacity 40558K, committed 40872K, reserved 1085440K
  class space    used 5361K, capacity 5743K, committed 5808K, reserved 1048576K
Event: 3.806 GC heap after
Heap after GC invocations=12 (full 2):
 PSYoungGen      total 179200K, used 9801K [0x00000000d5580000, 0x00000000e1800000, 0x0000000100000000)
  eden space 168960K, 0% used [0x00000000d5580000,0x00000000d5580000,0x00000000dfa80000)
  from space 10240K, 95% used [0x00000000e0e00000,0x00000000e1792650,0x00000000e1800000)
  to   space 13312K, 0% used [0x00000000dfe00000,0x00000000dfe00000,0x00000000e0b00000)
 ParOldGen       total 76288K, used 17320K [0x0000000080000000, 0x0000000084a80000, 0x00000000d5580000)
  object space 76288K, 22% used [0x0000000080000000,0x00000000810ea3e0,0x0000000084a80000)
 Metaspace       used 38809K, capacity 40558K, committed 40872K, reserved 1085440K
  class space    used 5361K, capacity 5743K, committed 5808K, reserved 1048576K
}
Event: 5.085 GC heap before
{Heap before GC invocations=13 (full 2):
 PSYoungGen      total 179200K, used 178761K [0x00000000d5580000, 0x00000000e1800000, 0x0000000100000000)
  eden space 168960K, 100% used [0x00000000d5580000,0x00000000dfa80000,0x00000000dfa80000)
  from space 10240K, 95% used [0x00000000e0e00000,0x00000000e1792650,0x00000000e1800000)
  to   space 13312K, 0% used [0x00000000dfe00000,0x00000000dfe00000,0x00000000e0b00000)
 ParOldGen       total 76288K, used 17320K [0x0000000080000000, 0x0000000084a80000, 0x00000000d5580000)
  object space 76288K, 22% used [0x0000000080000000,0x00000000810ea3e0,0x0000000084a80000)
 Metaspace       used 53723K, capacity 55888K, committed 56232K, reserved 1097728K
  class space    used 7289K, capacity 7762K, committed 7856K, reserved 1048576K
Event: 5.102 GC heap after
Heap after GC invocations=13 (full 2):
 PSYoungGen      total 185856K, used 13284K [0x00000000d5580000, 0x00000000e5180000, 0x0000000100000000)
  eden space 172544K, 0% used [0x00000000d5580000,0x00000000d5580000,0x00000000dfe00000)
  from space 13312K, 99% used [0x00000000dfe00000,0x00000000e0af9250,0x00000000e0b00000)
  to   space 19968K, 0% used [0x00000000e3e00000,0x00000000e3e00000,0x00000000e5180000)
 ParOldGen       total 76288K, used 30306K [0x0000000080000000, 0x0000000084a80000, 0x00000000d5580000)
  object space 76288K, 39% used [0x0000000080000000,0x0000000081d988c0,0x0000000084a80000)
 Metaspace       used 53723K, capacity 55888K, committed 56232K, reserved 1097728K
  class space    used 7289K, capacity 7762K, committed 7856K, reserved 1048576K
}
Event: 5.549 GC heap before
{Heap before GC invocations=14 (full 2):
 PSYoungGen      total 185856K, used 69639K [0x00000000d5580000, 0x00000000e5180000, 0x0000000100000000)
  eden space 172544K, 32% used [0x00000000d5580000,0x00000000d8c88d88,0x00000000dfe00000)
  from space 13312K, 99% used [0x00000000dfe00000,0x00000000e0af9250,0x00000000e0b00000)
  to   space 19968K, 0% used [0x00000000e3e00000,0x00000000e3e00000,0x00000000e5180000)
 ParOldGen       total 76288K, used 30306K [0x0000000080000000, 0x0000000084a80000, 0x00000000d5580000)
  object space 76288K, 39% used [0x0000000080000000,0x0000000081d988c0,0x0000000084a80000)
 Metaspace       used 56635K, capacity 58994K, committed 59160K, reserved 1099776K
  class space    used 7754K, capacity 8263K, committed 8368K, reserved 1048576K
Event: 5.560 GC heap after
Heap after GC invocations=14 (full 2):
 PSYoungGen      total 238592K, used 5892K [0x00000000d5580000, 0x00000000e5380000, 0x0000000100000000)
  eden space 218624K, 0% used [0x00000000d5580000,0x00000000d5580000,0x00000000e2b00000)
  from space 19968K, 29% used [0x00000000e3e00000,0x00000000e43c1060,0x00000000e5180000)
  to   space 19456K, 0% used [0x00000000e2b00000,0x00000000e2b00000,0x00000000e3e00000)
 ParOldGen       total 76288K, used 40999K [0x0000000080000000, 0x0000000084a80000, 0x00000000d5580000)
  object space 76288K, 53% used [0x0000000080000000,0x0000000082809c38,0x0000000084a80000)
 Metaspace       used 56635K, capacity 58994K, committed 59160K, reserved 1099776K
  class space    used 7754K, capacity 8263K, committed 8368K, reserved 1048576K
}
Event: 5.560 GC heap before
{Heap before GC invocations=15 (full 3):
 PSYoungGen      total 238592K, used 5892K [0x00000000d5580000, 0x00000000e5380000, 0x0000000100000000)
  eden space 218624K, 0% used [0x00000000d5580000,0x00000000d5580000,0x00000000e2b00000)
  from space 19968K, 29% used [0x00000000e3e00000,0x00000000e43c1060,0x00000000e5180000)
  to   space 19456K, 0% used [0x00000000e2b00000,0x00000000e2b00000,0x00000000e3e00000)
 ParOldGen       total 76288K, used 40999K [0x0000000080000000, 0x0000000084a80000, 0x00000000d5580000)
  object space 76288K, 53% used [0x0000000080000000,0x0000000082809c38,0x0000000084a80000)
 Metaspace       used 56635K, capacity 58994K, committed 59160K, reserved 1099776K
  class space    used 7754K, capacity 8263K, committed 8368K, reserved 1048576K
Event: 5.768 GC heap after
Heap after GC invocations=15 (full 3):
 PSYoungGen      total 238592K, used 0K [0x00000000d5580000, 0x00000000e5380000, 0x0000000100000000)
  eden space 218624K, 0% used [0x00000000d5580000,0x00000000d5580000,0x00000000e2b00000)
  from space 19968K, 0% used [0x00000000e3e00000,0x00000000e3e00000,0x00000000e5180000)
  to   space 19456K, 0% used [0x00000000e2b00000,0x00000000e2b00000,0x00000000e3e00000)
 ParOldGen       total 120832K, used 34151K [0x0000000080000000, 0x0000000087600000, 0x00000000d5580000)
  object space 120832K, 28% used [0x0000000080000000,0x0000000082159ca0,0x0000000087600000)
 Metaspace       used 56601K, capacity 58880K, committed 59160K, reserved 1099776K
  class space    used 7744K, capacity 8244K, committed 8368K, reserved 1048576K
}
Event: 7.561 GC heap before
{Heap before GC invocations=16 (full 3):
 PSYoungGen      total 238592K, used 218624K [0x00000000d5580000, 0x00000000e5380000, 0x0000000100000000)
  eden space 218624K, 100% used [0x00000000d5580000,0x00000000e2b00000,0x00000000e2b00000)
  from space 19968K, 0% used [0x00000000e3e00000,0x00000000e3e00000,0x00000000e5180000)
  to   space 19456K, 0% used [0x00000000e2b00000,0x00000000e2b00000,0x00000000e3e00000)
 ParOldGen       total 120832K, used 34151K [0x0000000080000000, 0x0000000087600000, 0x00000000d5580000)
  object space 120832K, 28% used [0x0000000080000000,0x0000000082159ca0,0x0000000087600000)
 Metaspace       used 64959K, capacity 68376K, committed 68648K, reserved 1107968K
  class space    used 8972K, capacity 9654K, committed 9776K, reserved 1048576K
Event: 7.574 GC heap after
Heap after GC invocations=16 (full 3):
 PSYoungGen      total 238080K, used 17669K [0x00000000d5580000, 0x00000000e7f80000, 0x0000000100000000)
  eden space 218624K, 0% used [0x00000000d5580000,0x00000000d5580000,0x00000000e2b00000)
  from space 19456K, 90% used [0x00000000e2b00000,0x00000000e3c41420,0x00000000e3e00000)
  to   space 21504K, 0% used [0x00000000e6a80000,0x00000000e6a80000,0x00000000e7f80000)
 ParOldGen       total 120832K, used 34159K [0x0000000080000000, 0x0000000087600000, 0x00000000d5580000)
  object space 120832K, 28% used [0x0000000080000000,0x000000008215bca0,0x0000000087600000)
 Metaspace       used 64959K, capacity 68376K, committed 68648K, reserved 1107968K
  class space    used 8972K, capacity 9654K, committed 9776K, reserved 1048576K
}

Deoptimization events (10 events):
Event: 8.785 Thread 0x0000000023564000 Uncommon trap: reason=unstable_if action=reinterpret pc=0x0000000003b8a48c method=com.google.common.base.Objects.equal(Ljava/lang/Object;Ljava/lang/Object;)Z @ 14
Event: 8.785 Thread 0x0000000023564000 Uncommon trap: reason=unstable_if action=reinterpret pc=0x0000000003b5f0d8 method=com.google.common.base.Objects.equal(Ljava/lang/Object;Ljava/lang/Object;)Z @ 14
Event: 8.826 Thread 0x000000001c303000 Uncommon trap: reason=array_check action=maybe_recompile pc=0x00000000042d2170 method=java.util.AbstractCollection.toArray([Ljava/lang/Object;)[Ljava/lang/Object; @ 119
Event: 8.828 Thread 0x000000001c303000 Uncommon trap: reason=array_check action=maybe_recompile pc=0x00000000042d2170 method=java.util.AbstractCollection.toArray([Ljava/lang/Object;)[Ljava/lang/Object; @ 119
Event: 8.830 Thread 0x000000001c303000 Uncommon trap: reason=array_check action=maybe_recompile pc=0x00000000042d2170 method=java.util.AbstractCollection.toArray([Ljava/lang/Object;)[Ljava/lang/Object; @ 119
Event: 8.832 Thread 0x000000001c303000 Uncommon trap: reason=array_check action=maybe_recompile pc=0x00000000042d2170 method=java.util.AbstractCollection.toArray([Ljava/lang/Object;)[Ljava/lang/Object; @ 119
Event: 8.968 Thread 0x000000001c7af800 Uncommon trap: reason=class_check action=maybe_recompile pc=0x00000000036a5340 method=java.lang.Throwable.<init>(Ljava/lang/String;Ljava/lang/Throwable;)V @ 24
Event: 8.972 Thread 0x000000001c7af800 Uncommon trap: reason=class_check action=maybe_recompile pc=0x00000000036a5340 method=java.lang.Throwable.<init>(Ljava/lang/String;Ljava/lang/Throwable;)V @ 24
Event: 8.994 Thread 0x000000002356f000 Uncommon trap: reason=class_check action=maybe_recompile pc=0x00000000036a5340 method=java.lang.Throwable.<init>(Ljava/lang/String;Ljava/lang/Throwable;)V @ 24
Event: 8.997 Thread 0x000000001b40c800 Uncommon trap: reason=class_check action=maybe_recompile pc=0x00000000036a5340 method=java.lang.Throwable.<init>(Ljava/lang/String;Ljava/lang/Throwable;)V @ 24

Classes redefined (0 events):
No events

Internal exceptions (10 events):
Event: 8.778 Thread 0x0000000023564000 Implicit null exception at 0x0000000003e0b565 to 0x0000000003e0b8fc
Event: 8.783 Thread 0x0000000023564000 Exception <a 'java/lang/NoSuchMethodError': <clinit>> (0x00000000e0b7c318) thrown at [C:\src\AOSP-openjdk-git\hotspot\src\share\vm\prims\jni.cpp, line 1615]
Event: 8.971 Thread 0x000000001c7af800 Exception <a 'java/io/IOException'> (0x00000000e0819e50) thrown at [C:\src\AOSP-openjdk-git\hotspot\src\share\vm\prims\jni.cpp, line 710]
Event: 8.994 Thread 0x000000002356f000 Exception <a 'java/io/IOException'> (0x00000000e1b45760) thrown at [C:\src\AOSP-openjdk-git\hotspot\src\share\vm\prims\jni.cpp, line 710]
Event: 9.056 Thread 0x0000000023564000 Exception <a 'sun/nio/fs/WindowsException'> (0x00000000e1e98ad8) thrown at [C:\src\AOSP-openjdk-git\hotspot\src\share\vm\prims\jni.cpp, line 710]
Event: 9.056 Thread 0x0000000023564000 Exception <a 'sun/nio/fs/WindowsException'> (0x00000000e1e99bb8) thrown at [C:\src\AOSP-openjdk-git\hotspot\src\share\vm\prims\jni.cpp, line 710]
Event: 9.056 Thread 0x0000000023564000 Exception <a 'sun/nio/fs/WindowsException'> (0x00000000e1e9a770) thrown at [C:\src\AOSP-openjdk-git\hotspot\src\share\vm\prims\jni.cpp, line 710]
Event: 9.056 Thread 0x0000000023564000 Exception <a 'sun/nio/fs/WindowsException'> (0x00000000e1e9b808) thrown at [C:\src\AOSP-openjdk-git\hotspot\src\share\vm\prims\jni.cpp, line 710]
Event: 9.057 Thread 0x0000000023564000 Exception <a 'sun/nio/fs/WindowsException'> (0x00000000e1e9c378) thrown at [C:\src\AOSP-openjdk-git\hotspot\src\share\vm\prims\jni.cpp, line 710]
Event: 9.057 Thread 0x0000000023564000 Exception <a 'sun/nio/fs/WindowsException'> (0x00000000e1e9d3f8) thrown at [C:\src\AOSP-openjdk-git\hotspot\src\share\vm\prims\jni.cpp, line 710]

Events (10 events):
Event: 9.081 loading class com/android/manifmerger/ManifestSystemProperty$9
Event: 9.081 loading class com/android/manifmerger/ManifestSystemProperty$9 done
Event: 9.081 loading class com/android/manifmerger/ManifestSystemProperty$10
Event: 9.081 loading class com/android/manifmerger/ManifestSystemProperty$10 done
Event: 9.081 loading class com/android/manifmerger/ManifestSystemProperty$11
Event: 9.081 loading class com/android/manifmerger/ManifestSystemProperty$11 done
Event: 9.082 loading class com/android/manifmerger/ManifestMerger2$FileStreamProvider
Event: 9.082 loading class com/android/manifmerger/ManifestMerger2$FileStreamProvider done
Event: 9.083 loading class com/android/manifmerger/ManifestMerger2$MapBasedKeyBasedValueResolver
Event: 9.083 loading class com/android/manifmerger/ManifestMerger2$MapBasedKeyBasedValueResolver done


Dynamic libraries:
0x00007ff7d6910000 - 0x00007ff7d6941000 	C:\Program Files\Android\Android Studio\jre\bin\java.exe
0x00007ffbd49d0000 - 0x00007ffbd4bc6000 	C:\WINDOWS\SYSTEM32\ntdll.dll
0x00007ffbd3430000 - 0x00007ffbd34ed000 	C:\WINDOWS\System32\KERNEL32.DLL
0x00007ffbd2110000 - 0x00007ffbd23d9000 	C:\WINDOWS\System32\KERNELBASE.dll
0x00007ffbd3370000 - 0x00007ffbd341c000 	C:\WINDOWS\System32\ADVAPI32.dll
0x00007ffbd2c90000 - 0x00007ffbd2d2e000 	C:\WINDOWS\System32\msvcrt.dll
0x00007ffbd3f90000 - 0x00007ffbd402c000 	C:\WINDOWS\System32\sechost.dll
0x00007ffbd3e60000 - 0x00007ffbd3f8b000 	C:\WINDOWS\System32\RPCRT4.dll
0x00007ffbd31d0000 - 0x00007ffbd3370000 	C:\WINDOWS\System32\USER32.dll
0x00007ffbd23e0000 - 0x00007ffbd2402000 	C:\WINDOWS\System32\win32u.dll
0x00007ffbd47e0000 - 0x00007ffbd480a000 	C:\WINDOWS\System32\GDI32.dll
0x00007ffbd2540000 - 0x00007ffbd2649000 	C:\WINDOWS\System32\gdi32full.dll
0x00007ffbd2650000 - 0x00007ffbd26ed000 	C:\WINDOWS\System32\msvcp_win.dll
0x00007ffbd2880000 - 0x00007ffbd2980000 	C:\WINDOWS\System32\ucrtbase.dll
0x00007ffbbdd20000 - 0x00007ffbbdfbb000 	C:\WINDOWS\WinSxS\amd64_microsoft.windows.common-controls_6595b64144ccf1df_6.0.19041.488_none_ca04af081b815d21\COMCTL32.dll
0x00007ffbd2c40000 - 0x00007ffbd2c70000 	C:\WINDOWS\System32\IMM32.DLL
0x0000000057a60000 - 0x0000000057b32000 	C:\Program Files\Android\Android Studio\jre\jre\bin\msvcr100.dll
0x0000000057c20000 - 0x000000005846b000 	C:\Program Files\Android\Android Studio\jre\jre\bin\server\jvm.dll
0x00007ffbd4030000 - 0x00007ffbd4038000 	C:\WINDOWS\System32\PSAPI.DLL
0x00007ffbba370000 - 0x00007ffbba379000 	C:\WINDOWS\SYSTEM32\WSOCK32.dll
0x00007ffbbcec0000 - 0x00007ffbbcee7000 	C:\WINDOWS\SYSTEM32\WINMM.dll
0x00007ffbca240000 - 0x00007ffbca24a000 	C:\WINDOWS\SYSTEM32\VERSION.dll
0x00007ffbd4810000 - 0x00007ffbd487b000 	C:\WINDOWS\System32\WS2_32.dll
0x00007ffbcdda0000 - 0x00007ffbcddaf000 	C:\Program Files\Android\Android Studio\jre\jre\bin\verify.dll
0x00007ffbb1d50000 - 0x00007ffbb1d79000 	C:\Program Files\Android\Android Studio\jre\jre\bin\java.dll
0x00007ffbca650000 - 0x00007ffbca666000 	C:\Program Files\Android\Android Studio\jre\jre\bin\zip.dll
0x00007ffbd3710000 - 0x00007ffbd3e52000 	C:\WINDOWS\System32\SHELL32.dll
0x00007ffbcfea0000 - 0x00007ffbd0635000 	C:\WINDOWS\SYSTEM32\windows.storage.dll
0x00007ffbd2d90000 - 0x00007ffbd30e6000 	C:\WINDOWS\System32\combase.dll
0x00007ffbd1b80000 - 0x00007ffbd1bac000 	C:\WINDOWS\SYSTEM32\Wldp.dll
0x00007ffbd4880000 - 0x00007ffbd492e000 	C:\WINDOWS\System32\SHCORE.dll
0x00007ffbd4930000 - 0x00007ffbd4985000 	C:\WINDOWS\System32\shlwapi.dll
0x00007ffbd2040000 - 0x00007ffbd2066000 	C:\WINDOWS\SYSTEM32\profapi.dll
0x00007ffbc9bb0000 - 0x00007ffbc9bca000 	C:\Program Files\Android\Android Studio\jre\jre\bin\net.dll
0x00007ffbd1900000 - 0x00007ffbd196a000 	C:\WINDOWS\system32\mswsock.dll
0x00007ffbc8360000 - 0x00007ffbc8373000 	C:\Program Files\Android\Android Studio\jre\jre\bin\nio.dll
0x00007ffbae180000 - 0x00007ffbae1a7000 	C:\Users\Nicolas\.gradle\native\f6784746aeab05261644944871eae4fe03e0ef1612fff0a4a95f87b438bc6780\windows-amd64\native-platform.dll
0x00007ffbcc790000 - 0x00007ffbcc79d000 	C:\Program Files\Android\Android Studio\jre\jre\bin\management.dll
0x00007ffbd1ad0000 - 0x00007ffbd1ae8000 	C:\WINDOWS\SYSTEM32\CRYPTSP.dll
0x00007ffbd1220000 - 0x00007ffbd1254000 	C:\WINDOWS\system32\rsaenh.dll
0x00007ffbd2850000 - 0x00007ffbd2877000 	C:\WINDOWS\System32\bcrypt.dll
0x00007ffbd1fc0000 - 0x00007ffbd1fee000 	C:\WINDOWS\SYSTEM32\USERENV.dll
0x00007ffbd24c0000 - 0x00007ffbd2540000 	C:\WINDOWS\System32\bcryptprimitives.dll
0x00007ffbd1af0000 - 0x00007ffbd1afc000 	C:\WINDOWS\SYSTEM32\CRYPTBASE.dll
0x00007ffbd15a0000 - 0x00007ffbd15db000 	C:\WINDOWS\SYSTEM32\IPHLPAPI.DLL
0x00007ffbd3420000 - 0x00007ffbd3428000 	C:\WINDOWS\System32\NSI.dll
0x00007ffbc9c20000 - 0x00007ffbc9c37000 	C:\WINDOWS\SYSTEM32\dhcpcsvc6.DLL
0x00007ffbca220000 - 0x00007ffbca23d000 	C:\WINDOWS\SYSTEM32\dhcpcsvc.DLL
0x00007ffbd15e0000 - 0x00007ffbd16ab000 	C:\WINDOWS\SYSTEM32\DNSAPI.dll
0x00007ffbcb0b0000 - 0x00007ffbcb0bb000 	C:\WINDOWS\SYSTEM32\WINNSI.DLL

VM Arguments:
jvm_args: -Xmx2048m -Dfile.encoding=UTF-8 -Duser.country=US -Duser.language=en -Duser.variant 
java_command: org.gradle.launcher.daemon.bootstrap.GradleDaemon 6.5
java_class_path (initial): C:\Users\Nicolas\.gradle\wrapper\dists\gradle-6.5-all\2oz4ud9k3tuxjg84bbf55q0tn\gradle-6.5\lib\gradle-launcher-6.5.jar
Launcher Type: SUN_STANDARD

Environment Variables:
PATH=C:\oraclexe\app\oracle\product\11.2.0\server\bin;C:\Program Files (x86)\Common Files\Oracle\Java\javapath;C:\WINDOWS\system32;C:\WINDOWS;C:\WINDOWS\System32\Wbem;C:\WINDOWS\System32\WindowsPowerShell\v1.0\;C:\WINDOWS\System32\OpenSSH\;C:\Program Files\Microsoft SQL Server\130\Tools\Binn\;C:\Program Files\Microsoft SQL Server\Client SDK\ODBC\170\Tools\Binn\;C:\Program Files\Git\cmd;C:\Program Files\dotnet\;C:\Users\Nicolas\AppData\Local\Microsoft\WindowsApps;C:\Users\Nicolas\.dotnet\tools
USERNAME=Nicolas
OS=Windows_NT
PROCESSOR_IDENTIFIER=Intel64 Family 6 Model 142 Stepping 10, GenuineIntel



---------------  S Y S T E M  ---------------

OS: Windows 10.0 , 64 bit Build 19041 (10.0.19041.662)

CPU:total 8 (initial active 8) (4 cores per cpu, 2 threads per core) family 6 model 142 stepping 10, cmov, cx8, fxsr, mmx, sse, sse2, sse3, ssse3, sse4.1, sse4.2, popcnt, avx, avx2, aes, clmul, erms, 3dnowpref, lzcnt, ht, tsc, tscinvbit, bmi1, bmi2, adx

Memory: 4k page, physical 8268664k(780656k free), swap 8268664k(5276k free)

vm_info: OpenJDK 64-Bit Server VM (25.242-b01) for windows-amd64 JRE (1.8.0_242-release-1644-b01), built by "builder" with MS VC++ 10.0 (VS2010)

time: Mon Dec 07 18:06:29 2020
timezone: Eastern Standard Time
elapsed time: 9 seconds (0d 0h 0m 9s)

