#
# There is insufficient memory for the Java Runtime Environment to continue.
# Native memory allocation (malloc) failed to allocate 1037376 bytes for Chunk::new
# Possible reasons:
#   The system is out of physical RAM or swap space
#   The process is running with CompressedOops enabled, and the Java Heap may be blocking the growth of the native heap
# Possible solutions:
#   Reduce memory load on the system
#   Increase physical memory or swap space
#   Check if swap backing store is full
#   Decrease Java heap size (-Xmx/-Xms)
#   Decrease number of Java threads
#   Decrease Java thread stack sizes (-Xss)
#   Set larger code cache with -XX:ReservedCodeCacheSize=
#   JVM is running with Unscaled Compressed Oops mode in which the Java heap is
#     placed in the first 4GB address space. The Java Heap base address is the
#     maximum limit for the native heap growth. Please use -XX:HeapBaseMinAddress
#     to set the Java Heap base and to place the Java Heap above 4GB virtual address.
# This output file may be truncated or incomplete.
#
#  Out of Memory Error (allocation.cpp:389), pid=13888, tid=0x0000000000000cfc
#
# JRE version: OpenJDK Runtime Environment (8.0_242-b01) (build 1.8.0_242-release-1644-b01)
# Java VM: OpenJDK 64-Bit Server VM (25.242-b01 mixed mode windows-amd64 compressed oops)
# Failed to write core dump. Minidumps are not enabled by default on client versions of Windows
#

---------------  T H R E A D  ---------------

Current thread (0x000000001a2f6000):  JavaThread "C2 CompilerThread2" daemon [_thread_in_native, id=3324, stack(0x000000001adb0000,0x000000001aeb0000)]

Stack: [0x000000001adb0000,0x000000001aeb0000]
[error occurred during error reporting (printing stack bounds), id 0xc0000005]

Native frames: (J=compiled Java code, j=interpreted, Vv=VM code, C=native code)


Current CompileTask:
C2:   9192 8493   !   4       java.io.ObjectOutputStream::writeObject0 (619 bytes)


---------------  P R O C E S S  ---------------

Java Threads: ( => current thread )
  0x0000000023d8e800 JavaThread "stdout" [_thread_blocked, id=3224, stack(0x0000000031410000,0x0000000031510000)]
  0x0000000023d8d800 JavaThread "stderr" [_thread_blocked, id=6912, stack(0x0000000031310000,0x0000000031410000)]
  0x0000000023d83800 JavaThread "stdout" [_thread_blocked, id=11996, stack(0x0000000030e10000,0x0000000030f10000)]
  0x0000000023d8a800 JavaThread "stderr" [_thread_blocked, id=2472, stack(0x0000000030d10000,0x0000000030e10000)]
  0x0000000023d8a000 JavaThread "stdout" [_thread_blocked, id=11932, stack(0x0000000030c10000,0x0000000030d10000)]
  0x0000000023d89000 JavaThread "stderr" [_thread_blocked, id=5000, stack(0x0000000030b10000,0x0000000030c10000)]
  0x0000000023d81800 JavaThread "stdout" [_thread_in_native, id=8892, stack(0x0000000030a10000,0x0000000030b10000)]
  0x0000000023d88800 JavaThread "stderr" [_thread_in_native, id=13828, stack(0x0000000030910000,0x0000000030a10000)]
  0x0000000023d87800 JavaThread "stdout" [_thread_in_native, id=12656, stack(0x0000000030810000,0x0000000030910000)]
  0x0000000023d85800 JavaThread "stderr" [_thread_in_native, id=13824, stack(0x0000000030710000,0x0000000030810000)]
  0x0000000023d83000 JavaThread "stdout" [_thread_in_native, id=1164, stack(0x0000000030610000,0x0000000030710000)]
  0x0000000023d84800 JavaThread "stderr" [_thread_in_native, id=12368, stack(0x0000000030510000,0x0000000030610000)]
  0x0000000023d87000 JavaThread "WorkerExecutor Queue Thread 8" [_thread_blocked, id=5964, stack(0x0000000030410000,0x0000000030510000)]
  0x0000000023d80000 JavaThread "pool-2-thread-1" [_thread_blocked, id=1288, stack(0x0000000030310000,0x0000000030410000)]
  0x0000000023d82000 JavaThread "WorkerExecutor Queue Thread 7" [_thread_blocked, id=11392, stack(0x0000000030210000,0x0000000030310000)]
  0x0000000023d80800 JavaThread "WorkerExecutor Queue Thread 6" [_thread_blocked, id=13872, stack(0x0000000030110000,0x0000000030210000)]
  0x000000002299f000 JavaThread "WorkerExecutor Queue Thread 5" [_thread_blocked, id=13964, stack(0x0000000030010000,0x0000000030110000)]
  0x00000000229a4800 JavaThread "WorkerExecutor Queue Thread 4" [_thread_blocked, id=1884, stack(0x000000002ff10000,0x0000000030010000)]
  0x00000000229a1800 JavaThread "WorkerExecutor Queue Thread 3" [_thread_blocked, id=4276, stack(0x000000002fe10000,0x000000002ff10000)]
  0x00000000229a0800 JavaThread "WorkerExecutor Queue Thread 2" [_thread_blocked, id=9016, stack(0x000000002fd10000,0x000000002fe10000)]
  0x000000002299e800 JavaThread "WorkerExecutor Queue" [_thread_blocked, id=6128, stack(0x000000002f9b0000,0x000000002fab0000)]
  0x0000000022996800 JavaThread "Cache worker for execution history cache (C:\Users\Nicolas\Desktop\AndroidFinalProjectCoffeeApp\.gradle\6.5\executionHistory)" [_thread_blocked, id=8080, stack(0x000000002f3b0000,0x000000002f4b0000)]
  0x000000002299d800 JavaThread "Execution worker for ':' Thread 7" [_thread_in_Java, id=2640, stack(0x000000002f2b0000,0x000000002f3b0000)]
  0x000000002299c800 JavaThread "Execution worker for ':' Thread 6" [_thread_blocked, id=14048, stack(0x000000002f1b0000,0x000000002f2b0000)]
  0x000000002299c000 JavaThread "Execution worker for ':' Thread 5" [_thread_blocked, id=13592, stack(0x000000002f0b0000,0x000000002f1b0000)]
  0x0000000022997800 JavaThread "Execution worker for ':' Thread 4" [_thread_blocked, id=14284, stack(0x000000002efb0000,0x000000002f0b0000)]
  0x000000002299a800 JavaThread "Execution worker for ':' Thread 3" [_thread_blocked, id=2636, stack(0x000000002dce0000,0x000000002dde0000)]
  0x0000000022999800 JavaThread "Execution worker for ':' Thread 2" [_thread_blocked, id=7708, stack(0x000000002dbe0000,0x000000002dce0000)]
  0x0000000022996000 JavaThread "Execution worker for ':'" [_thread_blocked, id=13056, stack(0x000000002d600000,0x000000002d700000)]
  0x0000000022998000 JavaThread "Cache worker for file content cache (C:\Users\Nicolas\Desktop\AndroidFinalProjectCoffeeApp\.gradle\6.5\fileContent)" [_thread_blocked, id=11464, stack(0x0000000026840000,0x0000000026940000)]
  0x000000002299b000 JavaThread "Memory manager" [_thread_blocked, id=8824, stack(0x000000002b5a0000,0x000000002b6a0000)]
  0x0000000022999000 JavaThread "Cache worker for Build Output Cleanup Cache (C:\Users\Nicolas\Desktop\AndroidFinalProjectCoffeeApp\.gradle\buildOutputCleanup)" [_thread_blocked, id=10216, stack(0x000000002b730000,0x000000002b830000)]
  0x0000000020dd6800 JavaThread "jar transforms Thread 94" [_thread_blocked, id=11340, stack(0x000000002b4a0000,0x000000002b5a0000)]
  0x0000000020dd7800 JavaThread "jar transforms Thread 93" [_thread_blocked, id=11628, stack(0x000000002b3a0000,0x000000002b4a0000)]
  0x0000000020dd6000 JavaThread "jar transforms Thread 92" [_thread_blocked, id=4256, stack(0x000000002b2a0000,0x000000002b3a0000)]
  0x0000000020dce800 JavaThread "jar transforms Thread 91" [_thread_blocked, id=6200, stack(0x000000002b1a0000,0x000000002b2a0000)]
  0x0000000020dd5000 JavaThread "jar transforms Thread 90" [_thread_blocked, id=5752, stack(0x000000002b0a0000,0x000000002b1a0000)]
  0x0000000020dd4800 JavaThread "jar transforms Thread 89" [_thread_blocked, id=5856, stack(0x000000002afa0000,0x000000002b0a0000)]
  0x0000000020dd3800 JavaThread "jar transforms Thread 88" [_thread_blocked, id=9028, stack(0x000000002aea0000,0x000000002afa0000)]
  0x0000000020dd3000 JavaThread "jar transforms Thread 87" [_thread_blocked, id=11208, stack(0x000000002ada0000,0x000000002aea0000)]
  0x0000000020dd2000 JavaThread "jar transforms Thread 86" [_thread_blocked, id=11496, stack(0x000000002aca0000,0x000000002ada0000)]
  0x0000000020dd1800 JavaThread "jar transforms Thread 85" [_thread_blocked, id=6592, stack(0x000000002aba0000,0x000000002aca0000)]
  0x0000000020dca000 JavaThread "jar transforms Thread 84" [_thread_blocked, id=11320, stack(0x000000002aaa0000,0x000000002aba0000)]
  0x0000000020dcf000 JavaThread "jar transforms Thread 83" [_thread_blocked, id=14000, stack(0x000000002a9a0000,0x000000002aaa0000)]
  0x0000000020dcd800 JavaThread "jar transforms Thread 82" [_thread_blocked, id=14312, stack(0x000000002a8a0000,0x000000002a9a0000)]
  0x0000000020dcd000 JavaThread "jar transforms Thread 81" [_thread_blocked, id=1268, stack(0x000000002a7a0000,0x000000002a8a0000)]
  0x0000000020dcc000 JavaThread "jar transforms Thread 80" [_thread_blocked, id=5008, stack(0x000000002a6a0000,0x000000002a7a0000)]
  0x0000000020dd0800 JavaThread "jar transforms Thread 79" [_thread_blocked, id=7056, stack(0x000000002a5a0000,0x000000002a6a0000)]
  0x0000000020dc9000 JavaThread "jar transforms Thread 78" [_thread_blocked, id=1628, stack(0x000000002a4a0000,0x000000002a5a0000)]
  0x0000000020dcb800 JavaThread "jar transforms Thread 77" [_thread_blocked, id=6780, stack(0x000000002a3a0000,0x000000002a4a0000)]
  0x0000000020dd0000 JavaThread "jar transforms Thread 76" [_thread_blocked, id=10236, stack(0x000000002a2a0000,0x000000002a3a0000)]
  0x0000000020dca800 JavaThread "jar transforms Thread 75" [_thread_blocked, id=2052, stack(0x000000002a1a0000,0x000000002a2a0000)]
  0x000000001d635800 JavaThread "jar transforms Thread 74" [_thread_blocked, id=12116, stack(0x000000002a0a0000,0x000000002a1a0000)]
  0x000000001d634800 JavaThread "jar transforms Thread 73" [_thread_blocked, id=7796, stack(0x0000000029fa0000,0x000000002a0a0000)]
  0x000000001d637800 JavaThread "jar transforms Thread 72" [_thread_blocked, id=11536, stack(0x0000000029ea0000,0x0000000029fa0000)]
  0x000000001d638800 JavaThread "jar transforms Thread 71" [_thread_blocked, id=11024, stack(0x0000000029da0000,0x0000000029ea0000)]
  0x000000001d637000 JavaThread "jar transforms Thread 70" [_thread_blocked, id=11480, stack(0x0000000029ca0000,0x0000000029da0000)]
  0x000000001d636000 JavaThread "jar transforms Thread 69" [_thread_blocked, id=13624, stack(0x0000000029ba0000,0x0000000029ca0000)]
  0x000000001d634000 JavaThread "jar transforms Thread 68" [_thread_blocked, id=2748, stack(0x0000000029aa0000,0x0000000029ba0000)]
  0x000000001d633000 JavaThread "jar transforms Thread 67" [_thread_blocked, id=11368, stack(0x00000000299a0000,0x0000000029aa0000)]
  0x000000001d62b800 JavaThread "jar transforms Thread 66" [_thread_blocked, id=5388, stack(0x00000000298a0000,0x00000000299a0000)]
  0x000000001d632800 JavaThread "jar transforms Thread 65" [_thread_blocked, id=9432, stack(0x00000000297a0000,0x00000000298a0000)]
  0x000000001d62a800 JavaThread "jar transforms Thread 64" [_thread_blocked, id=14164, stack(0x00000000296a0000,0x00000000297a0000)]
  0x000000001d631800 JavaThread "jar transforms Thread 63" [_thread_blocked, id=1832, stack(0x00000000295a0000,0x00000000296a0000)]
  0x000000001d62a000 JavaThread "jar transforms Thread 62" [_thread_blocked, id=14300, stack(0x00000000294a0000,0x00000000295a0000)]
  0x000000001d631000 JavaThread "jar transforms Thread 61" [_thread_blocked, id=14296, stack(0x00000000293a0000,0x00000000294a0000)]
  0x000000001d62d000 JavaThread "jar transforms Thread 60" [_thread_blocked, id=10328, stack(0x00000000292a0000,0x00000000293a0000)]
  0x000000001d630000 JavaThread "jar transforms Thread 59" [_thread_blocked, id=6868, stack(0x00000000291a0000,0x00000000292a0000)]
  0x000000001d62f800 JavaThread "jar transforms Thread 58" [_thread_blocked, id=7584, stack(0x00000000290a0000,0x00000000291a0000)]
  0x000000001d62e800 JavaThread "jar transforms Thread 57" [_thread_blocked, id=8988, stack(0x0000000028fa0000,0x00000000290a0000)]
  0x000000001d629000 JavaThread "jar transforms Thread 56" [_thread_blocked, id=1612, stack(0x0000000028ea0000,0x0000000028fa0000)]
  0x000000001d62d800 JavaThread "jar transforms Thread 55" [_thread_blocked, id=4220, stack(0x0000000028da0000,0x0000000028ea0000)]
  0x000000001d62c000 JavaThread "jar transforms Thread 54" [_thread_blocked, id=6348, stack(0x0000000028ca0000,0x0000000028da0000)]
  0x000000001d628800 JavaThread "jar transforms Thread 53" [_thread_blocked, id=7808, stack(0x0000000028ba0000,0x0000000028ca0000)]
  0x000000001d627800 JavaThread "jar transforms Thread 52" [_thread_blocked, id=8404, stack(0x0000000028aa0000,0x0000000028ba0000)]
  0x000000001d627000 JavaThread "jar transforms Thread 51" [_thread_blocked, id=4948, stack(0x00000000289a0000,0x0000000028aa0000)]
  0x000000001d626000 JavaThread "jar transforms Thread 50" [_thread_blocked, id=804, stack(0x00000000288a0000,0x00000000289a0000)]
  0x000000001d61e800 JavaThread "jar transforms Thread 49" [_thread_blocked, id=6696, stack(0x00000000287a0000,0x00000000288a0000)]
  0x000000001d624800 JavaThread "jar transforms Thread 48" [_thread_blocked, id=13584, stack(0x00000000286a0000,0x00000000287a0000)]
  0x000000001d624000 JavaThread "jar transforms Thread 47" [_thread_blocked, id=12664, stack(0x00000000285a0000,0x00000000286a0000)]
  0x000000001d621800 JavaThread "jar transforms Thread 46" [_thread_blocked, id=7428, stack(0x00000000284a0000,0x00000000285a0000)]
  0x000000001d625800 JavaThread "jar transforms Thread 45" [_thread_blocked, id=8736, stack(0x00000000283a0000,0x00000000284a0000)]
  0x000000001d623000 JavaThread "jar transforms Thread 44" [_thread_blocked, id=500, stack(0x00000000282a0000,0x00000000283a0000)]
  0x000000001d622800 JavaThread "jar transforms Thread 43" [_thread_blocked, id=12156, stack(0x00000000281a0000,0x00000000282a0000)]
  0x000000001d61c000 JavaThread "jar transforms Thread 42" [_thread_blocked, id=7772, stack(0x00000000280a0000,0x00000000281a0000)]
  0x000000001d61d800 JavaThread "jar transforms Thread 41" [_thread_blocked, id=12688, stack(0x0000000027fa0000,0x00000000280a0000)]
  0x000000001d61a000 JavaThread "jar transforms Thread 40" [_thread_blocked, id=11140, stack(0x0000000027ea0000,0x0000000027fa0000)]
  0x000000001d61b800 JavaThread "jar transforms Thread 39" [_thread_blocked, id=6796, stack(0x0000000027da0000,0x0000000027ea0000)]
  0x000000001d61a800 JavaThread "jar transforms Thread 38" [_thread_blocked, id=8848, stack(0x0000000027ca0000,0x0000000027da0000)]
  0x000000001d621000 JavaThread "jar transforms Thread 37" [_thread_blocked, id=9564, stack(0x0000000027ba0000,0x0000000027ca0000)]
  0x000000001d620000 JavaThread "jar transforms Thread 36" [_thread_blocked, id=8476, stack(0x0000000027aa0000,0x0000000027ba0000)]
  0x000000001d61f000 JavaThread "jar transforms Thread 35" [_thread_blocked, id=12092, stack(0x00000000279a0000,0x0000000027aa0000)]
  0x000000001d619000 JavaThread "jar transforms Thread 34" [_thread_blocked, id=9488, stack(0x00000000278a0000,0x00000000279a0000)]
  0x000000001d61d000 JavaThread "jar transforms Thread 33" [_thread_blocked, id=11404, stack(0x00000000277a0000,0x00000000278a0000)]
  0x0000000022982800 JavaThread "jar transforms Thread 32" [_thread_blocked, id=7996, stack(0x00000000276a0000,0x00000000277a0000)]
  0x0000000022980800 JavaThread "jar transforms Thread 31" [_thread_blocked, id=12232, stack(0x00000000275a0000,0x00000000276a0000)]
  0x000000002297f800 JavaThread "jar transforms Thread 30" [_thread_blocked, id=10956, stack(0x00000000274a0000,0x00000000275a0000)]
  0x0000000022983800 JavaThread "jar transforms Thread 29" [_thread_blocked, id=12040, stack(0x00000000273a0000,0x00000000274a0000)]
  0x000000002297f000 JavaThread "jar transforms Thread 28" [_thread_blocked, id=3356, stack(0x00000000272a0000,0x00000000273a0000)]
  0x0000000022984000 JavaThread "jar transforms Thread 27" [_thread_blocked, id=3236, stack(0x00000000271a0000,0x00000000272a0000)]
  0x0000000022982000 JavaThread "jar transforms Thread 26" [_thread_blocked, id=4572, stack(0x00000000270a0000,0x00000000271a0000)]
  0x0000000022981000 JavaThread "jar transforms Thread 25" [_thread_blocked, id=7296, stack(0x0000000026fa0000,0x00000000270a0000)]
  0x0000000022977800 JavaThread "jar transforms Thread 24" [_thread_blocked, id=10516, stack(0x0000000026ea0000,0x0000000026fa0000)]
  0x000000002297e000 JavaThread "jar transforms Thread 23" [_thread_blocked, id=13832, stack(0x0000000026da0000,0x0000000026ea0000)]
  0x0000000022978000 JavaThread "jar transforms Thread 22" [_thread_blocked, id=4996, stack(0x0000000026ca0000,0x0000000026da0000)]
  0x0000000022979800 JavaThread "jar transforms Thread 21" [_thread_blocked, id=8820, stack(0x0000000026ba0000,0x0000000026ca0000)]
  0x0000000022976800 JavaThread "jar transforms Thread 20" [_thread_blocked, id=7228, stack(0x0000000026aa0000,0x0000000026ba0000)]
  0x000000002297d800 JavaThread "jar transforms Thread 19" [_thread_blocked, id=11248, stack(0x00000000269a0000,0x0000000026aa0000)]
  0x000000002297c800 JavaThread "jar transforms Thread 18" [_thread_blocked, id=10732, stack(0x0000000026540000,0x0000000026640000)]
  0x000000002297c000 JavaThread "jar transforms Thread 17" [_thread_blocked, id=9676, stack(0x0000000026440000,0x0000000026540000)]
  0x0000000022976000 JavaThread "jar transforms Thread 16" [_thread_blocked, id=10464, stack(0x0000000026340000,0x0000000026440000)]
  0x0000000022975000 JavaThread "jar transforms Thread 15" [_thread_blocked, id=5932, stack(0x0000000026240000,0x0000000026340000)]
  0x000000002297b000 JavaThread "jar transforms Thread 14" [_thread_blocked, id=8420, stack(0x0000000026140000,0x0000000026240000)]
  0x000000002297a800 JavaThread "jar transforms Thread 13" [_thread_blocked, id=2700, stack(0x0000000026040000,0x0000000026140000)]
  0x0000000022979000 JavaThread "jar transforms Thread 12" [_thread_blocked, id=3312, stack(0x0000000025f40000,0x0000000026040000)]
  0x000000001f4fe800 JavaThread "jar transforms Thread 11" [_thread_blocked, id=9644, stack(0x0000000025e40000,0x0000000025f40000)]
  0x000000001f4fe000 JavaThread "jar transforms Thread 10" [_thread_blocked, id=13548, stack(0x0000000025d40000,0x0000000025e40000)]
  0x000000001f4ff800 JavaThread "jar transforms Thread 9" [_thread_blocked, id=4896, stack(0x0000000025c40000,0x0000000025d40000)]
  0x000000001f4fa000 JavaThread "jar transforms Thread 8" [_thread_blocked, id=8500, stack(0x0000000025b40000,0x0000000025c40000)]
  0x000000001f4fd000 JavaThread "jar transforms Thread 7" [_thread_blocked, id=8284, stack(0x0000000025a40000,0x0000000025b40000)]
  0x000000001f4f9800 JavaThread "jar transforms Thread 6" [_thread_blocked, id=8672, stack(0x0000000025940000,0x0000000025a40000)]
  0x000000001f4fb000 JavaThread "jar transforms Thread 5" [_thread_blocked, id=10564, stack(0x0000000025840000,0x0000000025940000)]
  0x000000001f4fb800 JavaThread "jar transforms Thread 4" [_thread_blocked, id=5800, stack(0x0000000025740000,0x0000000025840000)]
  0x000000001f4fc800 JavaThread "jar transforms Thread 3" [_thread_blocked, id=9132, stack(0x0000000025640000,0x0000000025740000)]
  0x000000001f4f2000 JavaThread "jar transforms Thread 2" [_thread_blocked, id=13428, stack(0x0000000025540000,0x0000000025640000)]
  0x000000001f4f8800 JavaThread "Build operations Thread 8" [_thread_blocked, id=12936, stack(0x0000000025340000,0x0000000025440000)]
  0x000000001f4f8000 JavaThread "Build operations Thread 7" [_thread_blocked, id=10180, stack(0x0000000025240000,0x0000000025340000)]
  0x000000001f4f6800 JavaThread "Build operations Thread 6" [_thread_blocked, id=9212, stack(0x0000000025140000,0x0000000025240000)]
  0x000000001f4f7000 JavaThread "Build operations Thread 5" [_thread_blocked, id=7076, stack(0x0000000025040000,0x0000000025140000)]
  0x000000001f4f5800 JavaThread "Build operations Thread 4" [_thread_blocked, id=6884, stack(0x0000000024f40000,0x0000000025040000)]
  0x000000001f4f0800 JavaThread "Build operations Thread 3" [_thread_blocked, id=9032, stack(0x0000000024e40000,0x0000000024f40000)]
  0x000000001f4f3800 JavaThread "Build operations Thread 2" [_thread_blocked, id=11656, stack(0x0000000024d40000,0x0000000024e40000)]
  0x000000001f4f1000 JavaThread "Build operations" [_thread_blocked, id=12940, stack(0x0000000024c40000,0x0000000024d40000)]
  0x000000001cd67000 JavaThread "Cache worker for file content cache (C:\Users\Nicolas\.gradle\caches\6.5\fileContent)" [_thread_blocked, id=1796, stack(0x0000000023570000,0x0000000023670000)]
  0x000000001cd64000 JavaThread "jar transforms" [_thread_blocked, id=12280, stack(0x0000000022cd0000,0x0000000022dd0000)]
  0x000000001cd6a800 JavaThread "Cache worker for execution history cache (C:\Users\Nicolas\.gradle\caches\6.5\executionHistory)" [_thread_blocked, id=2252, stack(0x0000000022bd0000,0x0000000022cd0000)]
  0x000000001cd66000 JavaThread "Cache worker for cache directory md-rule (C:\Users\Nicolas\.gradle\caches\6.5\md-rule)" [_thread_blocked, id=9348, stack(0x0000000022ad0000,0x0000000022bd0000)]
  0x000000001cd6a000 JavaThread "Cache worker for cache directory md-supplier (C:\Users\Nicolas\.gradle\caches\6.5\md-supplier)" [_thread_blocked, id=1312, stack(0x0000000021770000,0x0000000021870000)]
  0x000000001cd67800 JavaThread "Cache worker for checksums cache (C:\Users\Nicolas\Desktop\AndroidFinalProjectCoffeeApp\.gradle\checksums)" [_thread_blocked, id=12532, stack(0x0000000021670000,0x0000000021770000)]
  0x000000001cd69000 JavaThread "Cache worker for file hash cache (C:\Users\Nicolas\Desktop\AndroidFinalProjectCoffeeApp\.gradle\6.5\fileHashes)" [_thread_blocked, id=14064, stack(0x0000000022e70000,0x0000000022f70000)]
  0x000000001cd65800 JavaThread "Cache worker for file hash cache (C:\Users\Nicolas\.gradle\caches\6.5\fileHashes)" [_thread_blocked, id=4232, stack(0x000000001f1d0000,0x000000001f2d0000)]
  0x000000001cdc6000 JavaThread "File lock request listener" [_thread_in_native, id=5536, stack(0x000000001f0d0000,0x000000001f1d0000)]
  0x000000001ce48800 JavaThread "Cache worker for journal cache (C:\Users\Nicolas\.gradle\caches\journal-1)" [_thread_blocked, id=4904, stack(0x000000001efd0000,0x000000001f0d0000)]
  0x000000001ce6e000 JavaThread "Thread-9" [_thread_blocked, id=7860, stack(0x000000001ecd0000,0x000000001edd0000)]
  0x000000001c35d000 JavaThread "Stdin handler" [_thread_blocked, id=7876, stack(0x000000001ebd0000,0x000000001ecd0000)]
  0x000000001b467000 JavaThread "Asynchronous log dispatcher for DefaultDaemonConnection: socket connection from /127.0.0.1:55832 to /127.0.0.1:55833" [_thread_blocked, id=12640, stack(0x000000001ead0000,0x000000001ebd0000)]
  0x000000001b514000 JavaThread "Daemon worker" [_thread_blocked, id=12344, stack(0x000000001e9d0000,0x000000001ead0000)]
  0x000000001cdd2800 JavaThread "Cancel handler" [_thread_blocked, id=4268, stack(0x000000001e8d0000,0x000000001e9d0000)]
  0x000000001cd99000 JavaThread "Handler for socket connection from /127.0.0.1:55832 to /127.0.0.1:55833" [_thread_in_native, id=13376, stack(0x000000001e7d0000,0x000000001e8d0000)]
  0x000000001cd98000 JavaThread "Daemon" [_thread_blocked, id=9052, stack(0x000000001e6d0000,0x000000001e7d0000)]
  0x000000001cd7d000 JavaThread "Daemon periodic checks" [_thread_blocked, id=760, stack(0x000000001e3d0000,0x000000001e4d0000)]
  0x000000001cd0a800 JavaThread "Incoming local TCP Connector on port 55832" [_thread_in_native, id=6692, stack(0x000000001e190000,0x000000001e290000)]
  0x000000001b283800 JavaThread "Daemon health stats" [_thread_blocked, id=4416, stack(0x000000001db50000,0x000000001dc50000)]
  0x000000001a373800 JavaThread "Service Thread" daemon [_thread_blocked, id=4740, stack(0x000000001afb0000,0x000000001b0b0000)]
  0x000000001a2fc000 JavaThread "C1 CompilerThread3" daemon [_thread_blocked, id=13120, stack(0x000000001aeb0000,0x000000001afb0000)]
=>0x000000001a2f6000 JavaThread "C2 CompilerThread2" daemon [_thread_in_native, id=3324, stack(0x000000001adb0000,0x000000001aeb0000)]
  0x00000000184fc800 JavaThread "C2 CompilerThread1" daemon [_thread_in_native, id=12932, stack(0x000000001acb0000,0x000000001adb0000)]
  0x00000000184f9000 JavaThread "C2 CompilerThread0" daemon [_thread_in_native, id=1488, stack(0x000000001abb0000,0x000000001acb0000)]
  0x000000001a2e2800 JavaThread "Attach Listener" daemon [_thread_blocked, id=14040, stack(0x000000001aab0000,0x000000001abb0000)]
  0x000000001a2e6800 JavaThread "Signal Dispatcher" daemon [_thread_blocked, id=7420, stack(0x000000001a9b0000,0x000000001aab0000)]
  0x000000001a2d1800 JavaThread "Finalizer" daemon [_thread_blocked, id=11768, stack(0x000000001a7b0000,0x000000001a8b0000)]
  0x000000001a2d0800 JavaThread "Reference Handler" daemon [_thread_blocked, id=6264, stack(0x000000001a6b0000,0x000000001a7b0000)]
  0x00000000019be000 JavaThread "main" [_thread_blocked, id=3788, stack(0x00000000031c0000,0x00000000032c0000)]

Other Threads:
  0x00000000184e8000 VMThread [stack: 0x000000001a1b0000,0x000000001a2b0000] [id=1252]
  0x000000001a32e800 WatcherThread [stack: 0x000000001b0b0000,0x000000001b1b0000] [id=8728]

VM state:not at safepoint (normal execution)

VM Mutex/Monitor currently owned by a thread: None

heap address: 0x0000000080000000, size: 2048 MB, Compressed Oops mode: 32-bit
Narrow klass base: 0x0000000000000000, Narrow klass shift: 3
Compressed class space size: 1073741824 Address: 0x0000000100000000

Heap:
 PSYoungGen      total 246784K, used 190176K [0x00000000d5580000, 0x00000000e5a80000, 0x0000000100000000)
  eden space 226816K, 75% used [0x00000000d5580000,0x00000000dfdc48f8,0x00000000e3300000)
  from space 19968K, 89% used [0x00000000e3300000,0x00000000e4473a30,0x00000000e4680000)
  to   space 20480K, 0% used [0x00000000e4680000,0x00000000e4680000,0x00000000e5a80000)
 ParOldGen       total 117760K, used 33452K [0x0000000080000000, 0x0000000087300000, 0x00000000d5580000)
  object space 117760K, 28% used [0x0000000080000000,0x00000000820ab378,0x0000000087300000)
 Metaspace       used 66253K, capacity 69570K, committed 69672K, reserved 1110016K
  class space    used 9076K, capacity 9723K, committed 9776K, reserved 1048576K

Card table byte_map: [0x0000000012840000,0x0000000012c50000] byte_map_base: 0x0000000012440000

Marking Bits: (ParMarkBitMap*) 0x00000000583ef030
 Begin Bits: [0x0000000013700000, 0x0000000015700000)
 End Bits:   [0x0000000015700000, 0x0000000017700000)

Polling page: 0x0000000001960000

CodeCache: size=245760Kb used=25447Kb max_used=25449Kb free=220312Kb
 bounds [0x0000000003480000, 0x0000000004d80000, 0x0000000012480000]
 total_blobs=8406 nmethods=7612 adapters=706
 compilation: enabled

Compilation events (10 events):
Event: 9.186 Thread 0x000000001a2fc000 nmethod 8635 0x0000000004d56190 code [0x0000000004d562e0, 0x0000000004d56430]
Event: 9.186 Thread 0x000000001a2fc000 8639       3       java.io.ObjectOutputStream::writeInt (9 bytes)
Event: 9.186 Thread 0x000000001a2fc000 nmethod 8639 0x0000000004d68c50 code [0x0000000004d68dc0, 0x0000000004d68f68]
Event: 9.186 Thread 0x000000001a2fc000 8636       3       com.google.common.collect.Synchronized$SynchronizedListMultimap::delegate (5 bytes)
Event: 9.186 Thread 0x000000001a2fc000 nmethod 8636 0x0000000004d68550 code [0x0000000004d686e0, 0x0000000004d68b30]
Event: 9.186 Thread 0x000000001a2fc000 8637       1       org.gradle.internal.work.DefaultWorkerLeaseService::access$700 (5 bytes)
Event: 9.186 Thread 0x000000001a2fc000 nmethod 8637 0x0000000004d68290 code [0x0000000004d683e0, 0x0000000004d684d0]
Event: 9.187 Thread 0x000000001a2fc000 8640       3       org.gradle.internal.classloader.ClassLoaderVisitor::visitSpec (1 bytes)
Event: 9.187 Thread 0x000000001a2fc000 nmethod 8640 0x0000000004d5c3d0 code [0x0000000004d5c520, 0x0000000004d5c670]
Event: 9.188 Thread 0x000000001a2fc000 8641       3       org.gradle.api.internal.file.AbstractBaseDirFileResolver::doResolve (114 bytes)

GC Heap History (10 events):
Event: 3.860 GC heap before
{Heap before GC invocations=12 (full 2):
 PSYoungGen      total 140288K, used 129024K [0x00000000d5580000, 0x00000000e1c00000, 0x0000000100000000)
  eden space 129024K, 100% used [0x00000000d5580000,0x00000000dd380000,0x00000000dd380000)
  from space 11264K, 0% used [0x00000000dd380000,0x00000000dd380000,0x00000000dde80000)
  to   space 12800K, 0% used [0x00000000e0f80000,0x00000000e0f80000,0x00000000e1c00000)
 ParOldGen       total 74752K, used 17174K [0x0000000080000000, 0x0000000084900000, 0x00000000d5580000)
  object space 74752K, 22% used [0x0000000080000000,0x00000000810c5a50,0x0000000084900000)
 Metaspace       used 38868K, capacity 40658K, committed 40872K, reserved 1085440K
  class space    used 5371K, capacity 5749K, committed 5808K, reserved 1048576K
Event: 3.869 GC heap after
Heap after GC invocations=12 (full 2):
 PSYoungGen      total 182784K, used 9878K [0x00000000d5580000, 0x00000000e1980000, 0x0000000100000000)
  eden space 172544K, 0% used [0x00000000d5580000,0x00000000d5580000,0x00000000dfe00000)
  from space 10240K, 96% used [0x00000000e0f80000,0x00000000e19258e0,0x00000000e1980000)
  to   space 13312K, 0% used [0x00000000dff80000,0x00000000dff80000,0x00000000e0c80000)
 ParOldGen       total 74752K, used 17182K [0x0000000080000000, 0x0000000084900000, 0x00000000d5580000)
  object space 74752K, 22% used [0x0000000080000000,0x00000000810c7a50,0x0000000084900000)
 Metaspace       used 38868K, capacity 40658K, committed 40872K, reserved 1085440K
  class space    used 5371K, capacity 5749K, committed 5808K, reserved 1048576K
}
Event: 5.316 GC heap before
{Heap before GC invocations=13 (full 2):
 PSYoungGen      total 182784K, used 182422K [0x00000000d5580000, 0x00000000e1980000, 0x0000000100000000)
  eden space 172544K, 100% used [0x00000000d5580000,0x00000000dfe00000,0x00000000dfe00000)
  from space 10240K, 96% used [0x00000000e0f80000,0x00000000e19258e0,0x00000000e1980000)
  to   space 13312K, 0% used [0x00000000dff80000,0x00000000dff80000,0x00000000e0c80000)
 ParOldGen       total 74752K, used 17182K [0x0000000080000000, 0x0000000084900000, 0x00000000d5580000)
  object space 74752K, 22% used [0x0000000080000000,0x00000000810c7a50,0x0000000084900000)
 Metaspace       used 54646K, capacity 56968K, committed 57128K, reserved 1097728K
  class space    used 7458K, capacity 7957K, committed 7984K, reserved 1048576K
Event: 5.340 GC heap after
Heap after GC invocations=13 (full 2):
 PSYoungGen      total 187392K, used 13309K [0x00000000d5580000, 0x00000000e5a80000, 0x0000000100000000)
  eden space 174080K, 0% used [0x00000000d5580000,0x00000000d5580000,0x00000000dff80000)
  from space 13312K, 99% used [0x00000000dff80000,0x00000000e0c7f6c0,0x00000000e0c80000)
  to   space 20480K, 0% used [0x00000000e4680000,0x00000000e4680000,0x00000000e5a80000)
 ParOldGen       total 74752K, used 31204K [0x0000000080000000, 0x0000000084900000, 0x00000000d5580000)
  object space 74752K, 41% used [0x0000000080000000,0x0000000081e792c0,0x0000000084900000)
 Metaspace       used 54646K, capacity 56968K, committed 57128K, reserved 1097728K
  class space    used 7458K, capacity 7957K, committed 7984K, reserved 1048576K
}
Event: 5.704 GC heap before
{Heap before GC invocations=14 (full 2):
 PSYoungGen      total 187392K, used 61693K [0x00000000d5580000, 0x00000000e5a80000, 0x0000000100000000)
  eden space 174080K, 27% used [0x00000000d5580000,0x00000000d84bfd98,0x00000000dff80000)
  from space 13312K, 99% used [0x00000000dff80000,0x00000000e0c7f6c0,0x00000000e0c80000)
  to   space 20480K, 0% used [0x00000000e4680000,0x00000000e4680000,0x00000000e5a80000)
 ParOldGen       total 74752K, used 31204K [0x0000000080000000, 0x0000000084900000, 0x00000000d5580000)
  object space 74752K, 41% used [0x0000000080000000,0x0000000081e792c0,0x0000000084900000)
 Metaspace       used 56642K, capacity 59014K, committed 59160K, reserved 1099776K
  class space    used 7754K, capacity 8267K, committed 8368K, reserved 1048576K
Event: 5.716 GC heap after
Heap after GC invocations=14 (full 2):
 PSYoungGen      total 247296K, used 4679K [0x00000000d5580000, 0x00000000e5a80000, 0x0000000100000000)
  eden space 226816K, 0% used [0x00000000d5580000,0x00000000d5580000,0x00000000e3300000)
  from space 20480K, 22% used [0x00000000e4680000,0x00000000e4b11f38,0x00000000e5a80000)
  to   space 19968K, 0% used [0x00000000e3300000,0x00000000e3300000,0x00000000e4680000)
 ParOldGen       total 74752K, used 42337K [0x0000000080000000, 0x0000000084900000, 0x00000000d5580000)
  object space 74752K, 56% used [0x0000000080000000,0x0000000082958798,0x0000000084900000)
 Metaspace       used 56642K, capacity 59014K, committed 59160K, reserved 1099776K
  class space    used 7754K, capacity 8267K, committed 8368K, reserved 1048576K
}
Event: 5.716 GC heap before
{Heap before GC invocations=15 (full 3):
 PSYoungGen      total 247296K, used 4679K [0x00000000d5580000, 0x00000000e5a80000, 0x0000000100000000)
  eden space 226816K, 0% used [0x00000000d5580000,0x00000000d5580000,0x00000000e3300000)
  from space 20480K, 22% used [0x00000000e4680000,0x00000000e4b11f38,0x00000000e5a80000)
  to   space 19968K, 0% used [0x00000000e3300000,0x00000000e3300000,0x00000000e4680000)
 ParOldGen       total 74752K, used 42337K [0x0000000080000000, 0x0000000084900000, 0x00000000d5580000)
  object space 74752K, 56% used [0x0000000080000000,0x0000000082958798,0x0000000084900000)
 Metaspace       used 56642K, capacity 59014K, committed 59160K, reserved 1099776K
  class space    used 7754K, capacity 8267K, committed 8368K, reserved 1048576K
Event: 5.945 GC heap after
Heap after GC invocations=15 (full 3):
 PSYoungGen      total 247296K, used 0K [0x00000000d5580000, 0x00000000e5a80000, 0x0000000100000000)
  eden space 226816K, 0% used [0x00000000d5580000,0x00000000d5580000,0x00000000e3300000)
  from space 20480K, 0% used [0x00000000e4680000,0x00000000e4680000,0x00000000e5a80000)
  to   space 19968K, 0% used [0x00000000e3300000,0x00000000e3300000,0x00000000e4680000)
 ParOldGen       total 117760K, used 33444K [0x0000000080000000, 0x0000000087300000, 0x00000000d5580000)
  object space 117760K, 28% used [0x0000000080000000,0x00000000820a9378,0x0000000087300000)
 Metaspace       used 56599K, capacity 58870K, committed 59160K, reserved 1099776K
  class space    used 7741K, capacity 8243K, committed 8368K, reserved 1048576K
}
Event: 7.884 GC heap before
{Heap before GC invocations=16 (full 3):
 PSYoungGen      total 247296K, used 226816K [0x00000000d5580000, 0x00000000e5a80000, 0x0000000100000000)
  eden space 226816K, 100% used [0x00000000d5580000,0x00000000e3300000,0x00000000e3300000)
  from space 20480K, 0% used [0x00000000e4680000,0x00000000e4680000,0x00000000e5a80000)
  to   space 19968K, 0% used [0x00000000e3300000,0x00000000e3300000,0x00000000e4680000)
 ParOldGen       total 117760K, used 33444K [0x0000000080000000, 0x0000000087300000, 0x00000000d5580000)
  object space 117760K, 28% used [0x0000000080000000,0x00000000820a9378,0x0000000087300000)
 Metaspace       used 64935K, capacity 68236K, committed 68264K, reserved 1107968K
  class space    used 8955K, capacity 9628K, committed 9648K, reserved 1048576K
Event: 7.901 GC heap after
Heap after GC invocations=16 (full 3):
 PSYoungGen      total 246784K, used 17870K [0x00000000d5580000, 0x00000000e5a80000, 0x0000000100000000)
  eden space 226816K, 0% used [0x00000000d5580000,0x00000000d5580000,0x00000000e3300000)
  from space 19968K, 89% used [0x00000000e3300000,0x00000000e4473a30,0x00000000e4680000)
  to   space 20480K, 0% used [0x00000000e4680000,0x00000000e4680000,0x00000000e5a80000)
 ParOldGen       total 117760K, used 33452K [0x0000000080000000, 0x0000000087300000, 0x00000000d5580000)
  object space 117760K, 28% used [0x0000000080000000,0x00000000820ab378,0x0000000087300000)
 Metaspace       used 64935K, capacity 68236K, committed 68264K, reserved 1107968K
  class space    used 8955K, capacity 9628K, committed 9648K, reserved 1048576K
}

Deoptimization events (10 events):
Event: 8.946 Thread 0x000000001b514000 Uncommon trap: reason=unstable_if action=reinterpret pc=0x0000000004c5e134 method=sun.nio.cs.UTF_8$Encoder.encodeArrayLoop(Ljava/nio/CharBuffer;Ljava/nio/ByteBuffer;)Ljava/nio/charset/CoderResult; @ 400
Event: 9.120 Thread 0x000000002299c800 Uncommon trap: reason=unstable_if action=reinterpret pc=0x000000000465659c method=java.util.HashMap$HashIterator.<init>(Ljava/util/HashMap;)V @ 45
Event: 9.121 Thread 0x000000002299a800 Uncommon trap: reason=unstable_if action=reinterpret pc=0x0000000004b1de4c method=java.util.HashMap$HashIterator.<init>(Ljava/util/HashMap;)V @ 45
Event: 9.168 Thread 0x0000000023d80800 Uncommon trap: reason=class_check action=maybe_recompile pc=0x0000000004199c80 method=java.lang.Throwable.<init>(Ljava/lang/String;Ljava/lang/Throwable;)V @ 24
Event: 9.169 Thread 0x0000000023d80800 Uncommon trap: reason=class_check action=maybe_recompile pc=0x0000000004199c80 method=java.lang.Throwable.<init>(Ljava/lang/String;Ljava/lang/Throwable;)V @ 24
Event: 9.174 Thread 0x0000000022996800 Uncommon trap: reason=unstable_if action=reinterpret pc=0x000000000440085c method=com.google.common.collect.MapMakerInternalMap$Segment.drainKeyReferenceQueue(Ljava/lang/ref/ReferenceQueue;)V @ 8
Event: 9.175 Thread 0x0000000022996800 Uncommon trap: reason=unstable_if action=reinterpret pc=0x00000000048fbc2c method=com.google.common.collect.MapMakerInternalMap$Segment.drainKeyReferenceQueue(Ljava/lang/ref/ReferenceQueue;)V @ 8
Event: 9.176 Thread 0x000000002299d800 Uncommon trap: reason=unstable_if action=reinterpret pc=0x000000000490cb54 method=com.google.common.collect.MapMakerInternalMap$Segment.drainKeyReferenceQueue(Ljava/lang/ref/ReferenceQueue;)V @ 8
Event: 9.181 Thread 0x00000000229a1800 Uncommon trap: reason=class_check action=maybe_recompile pc=0x0000000004199c80 method=java.lang.Throwable.<init>(Ljava/lang/String;Ljava/lang/Throwable;)V @ 24
Event: 9.182 Thread 0x00000000229a1800 Uncommon trap: reason=class_check action=maybe_recompile pc=0x0000000004199c80 method=java.lang.Throwable.<init>(Ljava/lang/String;Ljava/lang/Throwable;)V @ 24

Classes redefined (0 events):
No events

Internal exceptions (10 events):
Event: 8.335 Thread 0x000000001b514000 Implicit null exception at 0x0000000004b51c92 to 0x0000000004b51e05
Event: 8.473 Thread 0x000000001b514000 Exception <a 'java/lang/NoSuchMethodError': java.lang.Object.lambda$codePoints$1()Ljava/util/Spliterator$OfInt;> (0x00000000db537520) thrown at [C:\src\AOSP-openjdk-git\hotspot\src\share\vm\interpreter\linkResolver.cpp, line 620]
Event: 9.024 Thread 0x000000001b514000 Exception <a 'java/lang/NoSuchMethodError': <clinit>> (0x00000000debfff08) thrown at [C:\src\AOSP-openjdk-git\hotspot\src\share\vm\prims\jni.cpp, line 1615]
Event: 9.025 Thread 0x000000001b514000 Exception <a 'java/lang/NoSuchMethodError': <clinit>> (0x00000000dec14138) thrown at [C:\src\AOSP-openjdk-git\hotspot\src\share\vm\prims\jni.cpp, line 1615]
Event: 9.026 Thread 0x000000001b514000 Exception <a 'java/lang/NoSuchMethodError': <clinit>> (0x00000000dec27e88) thrown at [C:\src\AOSP-openjdk-git\hotspot\src\share\vm\prims\jni.cpp, line 1615]
Event: 9.028 Thread 0x000000001b514000 Exception <a 'java/lang/NoSuchMethodError': <clinit>> (0x00000000dec3f010) thrown at [C:\src\AOSP-openjdk-git\hotspot\src\share\vm\prims\jni.cpp, line 1615]
Event: 9.033 Thread 0x000000001b514000 Exception <a 'java/lang/NoSuchMethodError': <clinit>> (0x00000000decc4ea0) thrown at [C:\src\AOSP-openjdk-git\hotspot\src\share\vm\prims\jni.cpp, line 1615]
Event: 9.169 Thread 0x0000000023d80800 Exception <a 'java/io/IOException'> (0x00000000dfc2cd28) thrown at [C:\src\AOSP-openjdk-git\hotspot\src\share\vm\prims\jni.cpp, line 710]
Event: 9.181 Thread 0x00000000229a1800 Exception <a 'java/io/IOException'> (0x00000000df449f68) thrown at [C:\src\AOSP-openjdk-git\hotspot\src\share\vm\prims\jni.cpp, line 710]
Event: 9.182 Thread 0x000000002299d800 Exception <a 'java/lang/NoSuchMethodError': <clinit>> (0x00000000dfa2dca0) thrown at [C:\src\AOSP-openjdk-git\hotspot\src\share\vm\prims\jni.cpp, line 1615]

Events (10 events):
Event: 9.181 Thread 0x0000000023d8c000 Thread exited: 0x0000000023d8c000
Event: 9.181 Thread 0x00000000229a1800 Uncommon trap: trap_request=0xffffffde fr.pc=0x0000000004199c80
Event: 9.181 Thread 0x00000000229a1800 DEOPT PACKING pc=0x0000000004199c80 sp=0x000000002ff0e140
Event: 9.181 Thread 0x00000000229a1800 DEOPT UNPACKING pc=0x00000000034c557b sp=0x000000002ff0e110 mode 2
Event: 9.182 Thread 0x00000000229a1800 Uncommon trap: trap_request=0xffffffde fr.pc=0x0000000004199c80
Event: 9.182 Thread 0x00000000229a1800 DEOPT PACKING pc=0x0000000004199c80 sp=0x000000002ff0e180
Event: 9.182 Thread 0x00000000229a1800 DEOPT UNPACKING pc=0x00000000034c557b sp=0x000000002ff0e150 mode 2
Event: 9.189 loading class org/gradle/internal/snapshot/UnknownSnapshot
Event: 9.189 loading class org/gradle/internal/snapshot/UnknownSnapshot done
Event: 9.190 Executing VM operation: Deoptimize


Dynamic libraries:
0x00007ff7d6910000 - 0x00007ff7d6941000 	C:\Program Files\Android\Android Studio\jre\bin\java.exe
0x00007ffbd49d0000 - 0x00007ffbd4bc6000 	C:\WINDOWS\SYSTEM32\ntdll.dll
0x00007ffbd3430000 - 0x00007ffbd34ed000 	C:\WINDOWS\System32\KERNEL32.DLL
0x00007ffbd2110000 - 0x00007ffbd23d9000 	C:\WINDOWS\System32\KERNELBASE.dll
0x00007ffbd3370000 - 0x00007ffbd341c000 	C:\WINDOWS\System32\ADVAPI32.dll
0x00007ffbd2c90000 - 0x00007ffbd2d2e000 	C:\WINDOWS\System32\msvcrt.dll
0x00007ffbd3f90000 - 0x00007ffbd402c000 	C:\WINDOWS\System32\sechost.dll
0x00007ffbd3e60000 - 0x00007ffbd3f8b000 	C:\WINDOWS\System32\RPCRT4.dll
0x00007ffbd31d0000 - 0x00007ffbd3370000 	C:\WINDOWS\System32\USER32.dll
0x00007ffbd23e0000 - 0x00007ffbd2402000 	C:\WINDOWS\System32\win32u.dll
0x00007ffbd47e0000 - 0x00007ffbd480a000 	C:\WINDOWS\System32\GDI32.dll
0x00007ffbd2540000 - 0x00007ffbd2649000 	C:\WINDOWS\System32\gdi32full.dll
0x00007ffbd2650000 - 0x00007ffbd26ed000 	C:\WINDOWS\System32\msvcp_win.dll
0x00007ffbd2880000 - 0x00007ffbd2980000 	C:\WINDOWS\System32\ucrtbase.dll
0x00007ffbbdd20000 - 0x00007ffbbdfbb000 	C:\WINDOWS\WinSxS\amd64_microsoft.windows.common-controls_6595b64144ccf1df_6.0.19041.488_none_ca04af081b815d21\COMCTL32.dll
0x00007ffbd2c40000 - 0x00007ffbd2c70000 	C:\WINDOWS\System32\IMM32.DLL
0x0000000057a60000 - 0x0000000057b32000 	C:\Program Files\Android\Android Studio\jre\jre\bin\msvcr100.dll
0x0000000057c20000 - 0x000000005846b000 	C:\Program Files\Android\Android Studio\jre\jre\bin\server\jvm.dll
0x00007ffbd4030000 - 0x00007ffbd4038000 	C:\WINDOWS\System32\PSAPI.DLL
0x00007ffbca240000 - 0x00007ffbca24a000 	C:\WINDOWS\SYSTEM32\VERSION.dll
0x00007ffbbcec0000 - 0x00007ffbbcee7000 	C:\WINDOWS\SYSTEM32\WINMM.dll
0x00007ffbba370000 - 0x00007ffbba379000 	C:\WINDOWS\SYSTEM32\WSOCK32.dll
0x00007ffbd4810000 - 0x00007ffbd487b000 	C:\WINDOWS\System32\WS2_32.dll
0x00007ffbcdda0000 - 0x00007ffbcddaf000 	C:\Program Files\Android\Android Studio\jre\jre\bin\verify.dll
0x00007ffbb1d50000 - 0x00007ffbb1d79000 	C:\Program Files\Android\Android Studio\jre\jre\bin\java.dll
0x00007ffbca650000 - 0x00007ffbca666000 	C:\Program Files\Android\Android Studio\jre\jre\bin\zip.dll
0x00007ffbd3710000 - 0x00007ffbd3e52000 	C:\WINDOWS\System32\SHELL32.dll
0x00007ffbcfea0000 - 0x00007ffbd0635000 	C:\WINDOWS\SYSTEM32\windows.storage.dll
0x00007ffbd2d90000 - 0x00007ffbd30e6000 	C:\WINDOWS\System32\combase.dll
0x00007ffbd1b80000 - 0x00007ffbd1bac000 	C:\WINDOWS\SYSTEM32\Wldp.dll
0x00007ffbd4880000 - 0x00007ffbd492e000 	C:\WINDOWS\System32\SHCORE.dll
0x00007ffbd4930000 - 0x00007ffbd4985000 	C:\WINDOWS\System32\shlwapi.dll
0x00007ffbd2040000 - 0x00007ffbd2066000 	C:\WINDOWS\SYSTEM32\profapi.dll
0x00007ffbc9bb0000 - 0x00007ffbc9bca000 	C:\Program Files\Android\Android Studio\jre\jre\bin\net.dll
0x00007ffbd1900000 - 0x00007ffbd196a000 	C:\WINDOWS\system32\mswsock.dll
0x00007ffbc8360000 - 0x00007ffbc8373000 	C:\Program Files\Android\Android Studio\jre\jre\bin\nio.dll
0x00007ffbae180000 - 0x00007ffbae1a7000 	C:\Users\Nicolas\.gradle\native\f6784746aeab05261644944871eae4fe03e0ef1612fff0a4a95f87b438bc6780\windows-amd64\native-platform.dll
0x00007ffbcc790000 - 0x00007ffbcc79d000 	C:\Program Files\Android\Android Studio\jre\jre\bin\management.dll
0x00007ffbd1ad0000 - 0x00007ffbd1ae8000 	C:\WINDOWS\SYSTEM32\CRYPTSP.dll
0x00007ffbd1220000 - 0x00007ffbd1254000 	C:\WINDOWS\system32\rsaenh.dll
0x00007ffbd2850000 - 0x00007ffbd2877000 	C:\WINDOWS\System32\bcrypt.dll
0x00007ffbd1fc0000 - 0x00007ffbd1fee000 	C:\WINDOWS\SYSTEM32\USERENV.dll
0x00007ffbd24c0000 - 0x00007ffbd2540000 	C:\WINDOWS\System32\bcryptprimitives.dll
0x00007ffbd1af0000 - 0x00007ffbd1afc000 	C:\WINDOWS\SYSTEM32\CRYPTBASE.dll
0x00007ffbd15a0000 - 0x00007ffbd15db000 	C:\WINDOWS\SYSTEM32\IPHLPAPI.DLL
0x00007ffbd3420000 - 0x00007ffbd3428000 	C:\WINDOWS\System32\NSI.dll
0x00007ffbc9c20000 - 0x00007ffbc9c37000 	C:\WINDOWS\SYSTEM32\dhcpcsvc6.DLL
0x00007ffbca220000 - 0x00007ffbca23d000 	C:\WINDOWS\SYSTEM32\dhcpcsvc.DLL
0x00007ffbd15e0000 - 0x00007ffbd16ab000 	C:\WINDOWS\SYSTEM32\DNSAPI.dll
0x00007ffbcb0b0000 - 0x00007ffbcb0bb000 	C:\WINDOWS\SYSTEM32\WINNSI.DLL

VM Arguments:
jvm_args: -Xmx2048m -Dfile.encoding=UTF-8 -Duser.country=US -Duser.language=en -Duser.variant 
java_command: org.gradle.launcher.daemon.bootstrap.GradleDaemon 6.5
java_class_path (initial): C:\Users\Nicolas\.gradle\wrapper\dists\gradle-6.5-all\2oz4ud9k3tuxjg84bbf55q0tn\gradle-6.5\lib\gradle-launcher-6.5.jar
Launcher Type: SUN_STANDARD

Environment Variables:
PATH=C:\oraclexe\app\oracle\product\11.2.0\server\bin;C:\Program Files (x86)\Common Files\Oracle\Java\javapath;C:\WINDOWS\system32;C:\WINDOWS;C:\WINDOWS\System32\Wbem;C:\WINDOWS\System32\WindowsPowerShell\v1.0\;C:\WINDOWS\System32\OpenSSH\;C:\Program Files\Microsoft SQL Server\130\Tools\Binn\;C:\Program Files\Microsoft SQL Server\Client SDK\ODBC\170\Tools\Binn\;C:\Program Files\Git\cmd;C:\Program Files\dotnet\;C:\Users\Nicolas\AppData\Local\Microsoft\WindowsApps;C:\Users\Nicolas\.dotnet\tools
USERNAME=Nicolas
OS=Windows_NT
PROCESSOR_IDENTIFIER=Intel64 Family 6 Model 142 Stepping 10, GenuineIntel



---------------  S Y S T E M  ---------------

OS: Windows 10.0 , 64 bit Build 19041 (10.0.19041.662)

CPU:total 8 (initial active 8) (4 cores per cpu, 2 threads per core) family 6 model 142 stepping 10, cmov, cx8, fxsr, mmx, sse, sse2, sse3, ssse3, sse4.1, sse4.2, popcnt, avx, avx2, aes, clmul, erms, 3dnowpref, lzcnt, ht, tsc, tscinvbit, bmi1, bmi2, adx

Memory: 4k page, physical 8268664k(732584k free), swap 8268664k(10076k free)

vm_info: OpenJDK 64-Bit Server VM (25.242-b01) for windows-amd64 JRE (1.8.0_242-release-1644-b01), built by "builder" with MS VC++ 10.0 (VS2010)

time: Mon Dec 07 18:07:27 2020
timezone: Eastern Standard Time
elapsed time: 9 seconds (0d 0h 0m 9s)

