#
# There is insufficient memory for the Java Runtime Environment to continue.
# Native memory allocation (malloc) failed to allocate 667424 bytes for Chunk::new
# Possible reasons:
#   The system is out of physical RAM or swap space
#   The process is running with CompressedOops enabled, and the Java Heap may be blocking the growth of the native heap
# Possible solutions:
#   Reduce memory load on the system
#   Increase physical memory or swap space
#   Check if swap backing store is full
#   Decrease Java heap size (-Xmx/-Xms)
#   Decrease number of Java threads
#   Decrease Java thread stack sizes (-Xss)
#   Set larger code cache with -XX:ReservedCodeCacheSize=
#   JVM is running with Unscaled Compressed Oops mode in which the Java heap is
#     placed in the first 4GB address space. The Java Heap base address is the
#     maximum limit for the native heap growth. Please use -XX:HeapBaseMinAddress
#     to set the Java Heap base and to place the Java Heap above 4GB virtual address.
# This output file may be truncated or incomplete.
#
#  Out of Memory Error (allocation.cpp:389), pid=5616, tid=0x00000000000036f4
#
# JRE version: OpenJDK Runtime Environment (8.0_242-b01) (build 1.8.0_242-release-1644-b01)
# Java VM: OpenJDK 64-Bit Server VM (25.242-b01 mixed mode windows-amd64 compressed oops)
# Failed to write core dump. Minidumps are not enabled by default on client versions of Windows
#

---------------  T H R E A D  ---------------

Current thread (0x00000000198a7000):  JavaThread "C2 CompilerThread2" daemon [_thread_in_native, id=14068, stack(0x000000001a360000,0x000000001a460000)]

Stack: [0x000000001a360000,0x000000001a460000]
[error occurred during error reporting (printing stack bounds), id 0xc0000005]

Native frames: (J=compiled Java code, j=interpreted, Vv=VM code, C=native code)


Current CompileTask:
C2:  39046 15104       4       org.gradle.internal.logging.sink.LogEventDispatcher::onOutput (60 bytes)


---------------  P R O C E S S  ---------------

Java Threads: ( => current thread )
  0x000000001f7f9800 JavaThread "stdout" [_thread_in_native, id=3472, stack(0x0000000033610000,0x0000000033710000)]
  0x000000001afeb800 JavaThread "stderr" [_thread_in_native, id=13816, stack(0x0000000033510000,0x0000000033610000)]
  0x000000001afe9800 JavaThread "stdout" [_thread_in_native, id=6560, stack(0x0000000033410000,0x0000000033510000)]
  0x000000001afea000 JavaThread "stderr" [_thread_in_native, id=9512, stack(0x0000000033310000,0x0000000033410000)]
  0x000000001afeb000 JavaThread "stdout" [_thread_in_native, id=11364, stack(0x0000000033210000,0x0000000033310000)]
  0x000000001afec800 JavaThread "stderr" [_thread_in_native, id=3064, stack(0x0000000033110000,0x0000000033210000)]
  0x000000001afe8800 JavaThread "stdout" [_thread_in_native, id=7092, stack(0x0000000033010000,0x0000000033110000)]
  0x000000001afe1000 JavaThread "stderr" [_thread_in_native, id=10776, stack(0x0000000032f10000,0x0000000033010000)]
  0x000000001afe8000 JavaThread "stdout" [_thread_in_native, id=14156, stack(0x0000000032e10000,0x0000000032f10000)]
  0x000000001afe2000 JavaThread "stderr" [_thread_in_native, id=3108, stack(0x0000000032d10000,0x0000000032e10000)]
  0x000000001afe7000 JavaThread "stdout" [_thread_in_native, id=6564, stack(0x0000000032c10000,0x0000000032d10000)]
  0x000000001afe6800 JavaThread "stderr" [_thread_in_native, id=1316, stack(0x0000000032b10000,0x0000000032c10000)]
  0x000000001afe5800 JavaThread "stdout" [_thread_in_native, id=13944, stack(0x0000000032a10000,0x0000000032b10000)]
  0x000000001afe5000 JavaThread "stderr" [_thread_in_native, id=2464, stack(0x0000000032910000,0x0000000032a10000)]
  0x000000001afe0800 JavaThread "stdout" [_thread_in_native, id=4988, stack(0x0000000032810000,0x0000000032910000)]
  0x000000001afe2800 JavaThread "stderr" [_thread_in_native, id=952, stack(0x0000000032710000,0x0000000032810000)]
  0x000000001afdf800 JavaThread "pool-6-thread-1" [_thread_blocked, id=10780, stack(0x0000000032610000,0x0000000032710000)]
  0x000000001afdd800 JavaThread "WorkerExecutor Queue Thread 8" [_thread_blocked, id=7200, stack(0x0000000032510000,0x0000000032610000)]
  0x000000001afe3800 JavaThread "WorkerExecutor Queue Thread 7" [_thread_blocked, id=10316, stack(0x0000000032410000,0x0000000032510000)]
  0x000000001afde000 JavaThread "WorkerExecutor Queue Thread 6" [_thread_blocked, id=13980, stack(0x0000000032310000,0x0000000032410000)]
  0x000000001afe4000 JavaThread "WorkerExecutor Queue Thread 5" [_thread_blocked, id=10400, stack(0x0000000032210000,0x0000000032310000)]
  0x0000000021774000 JavaThread "WorkerExecutor Queue Thread 4" [_thread_blocked, id=5940, stack(0x0000000032110000,0x0000000032210000)]
  0x000000001c53d000 JavaThread "WorkerExecutor Queue Thread 3" [_thread_in_vm, id=576, stack(0x0000000031d00000,0x0000000031e00000)]
  0x000000001f176800 JavaThread "WorkerExecutor Queue Thread 2" [_thread_blocked, id=12496, stack(0x0000000031c00000,0x0000000031d00000)]
  0x000000001f16f000 JavaThread "WorkerExecutor Queue" [_thread_blocked, id=3636, stack(0x000000002f220000,0x000000002f320000)]
  0x000000002127f800 JavaThread "Cache worker for execution history cache (C:\Users\Nicolas\Desktop\AndroidFinalProjectCoffeeApp\.gradle\6.5\executionHistory)" [_thread_blocked, id=4524, stack(0x0000000031900000,0x0000000031a00000)]
  0x000000002127c000 JavaThread "Execution worker for ':' Thread 7" [_thread_blocked, id=5480, stack(0x0000000031800000,0x0000000031900000)]
  0x000000002127f000 JavaThread "Execution worker for ':' Thread 6" [_thread_blocked, id=3924, stack(0x0000000031700000,0x0000000031800000)]
  0x000000002127d800 JavaThread "Execution worker for ':' Thread 5" [_thread_blocked, id=13780, stack(0x0000000031600000,0x0000000031700000)]
  0x0000000021279800 JavaThread "Execution worker for ':' Thread 4" [_thread_blocked, id=7088, stack(0x0000000031500000,0x0000000031600000)]
  0x000000002127e000 JavaThread "Execution worker for ':' Thread 3" [_thread_blocked, id=6996, stack(0x0000000031400000,0x0000000031500000)]
  0x000000002127c800 JavaThread "Execution worker for ':' Thread 2" [_thread_blocked, id=2068, stack(0x0000000031300000,0x0000000031400000)]
  0x00000000198d3800 JavaThread "Execution worker for ':'" [_thread_blocked, id=10260, stack(0x0000000030fe0000,0x00000000310e0000)]
  0x00000000198d8800 JavaThread "Cache worker for file content cache (C:\Users\Nicolas\Desktop\AndroidFinalProjectCoffeeApp\.gradle\6.5\fileContent)" [_thread_blocked, id=14184, stack(0x000000002eea0000,0x000000002efa0000)]
  0x00000000198d5000 JavaThread "Cache worker for Build Output Cleanup Cache (C:\Users\Nicolas\Desktop\AndroidFinalProjectCoffeeApp\.gradle\buildOutputCleanup)" [_thread_blocked, id=4632, stack(0x000000002d9b0000,0x000000002dab0000)]
  0x00000000198d2800 JavaThread "Build operations Thread 8" [_thread_blocked, id=6624, stack(0x000000002d8b0000,0x000000002d9b0000)]
  0x00000000198d4000 JavaThread "Build operations Thread 7" [_thread_in_native, id=13516, stack(0x00000000274b0000,0x00000000275b0000)]
  0x00000000198d1000 JavaThread "Build operations Thread 6" [_thread_blocked, id=7284, stack(0x00000000273b0000,0x00000000274b0000)]
  0x00000000198d8000 JavaThread "Build operations Thread 5" [_thread_blocked, id=9804, stack(0x00000000272b0000,0x00000000273b0000)]
  0x00000000198d2000 JavaThread "Build operations Thread 4" [_thread_in_native, id=11236, stack(0x00000000271b0000,0x00000000272b0000)]
  0x00000000198d6800 JavaThread "Build operations Thread 3" [_thread_in_native, id=1236, stack(0x00000000270b0000,0x00000000271b0000)]
  0x00000000198d5800 JavaThread "Build operations Thread 2" [_thread_blocked, id=4796, stack(0x0000000026fb0000,0x00000000270b0000)]
  0x00000000198d7000 JavaThread "Build operations" [_thread_blocked, id=10652, stack(0x0000000026eb0000,0x0000000026fb0000)]
  0x00000000198c9800 JavaThread "Cache worker for cache directory md-rule (C:\Users\Nicolas\.gradle\caches\6.5\md-rule)" [_thread_blocked, id=12552, stack(0x0000000026b50000,0x0000000026c50000)]
  0x00000000198cd800 JavaThread "Cache worker for cache directory md-supplier (C:\Users\Nicolas\.gradle\caches\6.5\md-supplier)" [_thread_blocked, id=13032, stack(0x0000000024090000,0x0000000024190000)]
  0x00000000198cf000 JavaThread "Cache worker for checksums cache (C:\Users\Nicolas\Desktop\AndroidFinalProjectCoffeeApp\.gradle\checksums)" [_thread_blocked, id=6068, stack(0x0000000023790000,0x0000000023890000)]
  0x00000000198cc800 JavaThread "Cache worker for file hash cache (C:\Users\Nicolas\Desktop\AndroidFinalProjectCoffeeApp\.gradle\6.5\fileHashes)" [_thread_blocked, id=13616, stack(0x000000001fc50000,0x000000001fd50000)]
  0x00000000198cc000 JavaThread "Thread-159" [_thread_blocked, id=8704, stack(0x000000001e280000,0x000000001e380000)]
  0x00000000198ce000 JavaThread "Stdin handler" [_thread_blocked, id=4360, stack(0x000000001e180000,0x000000001e280000)]
  0x00000000198cb000 JavaThread "Asynchronous log dispatcher for DefaultDaemonConnection: socket connection from /127.0.0.1:55753 to /127.0.0.1:55773" [_thread_in_native, id=1044, stack(0x000000001e080000,0x000000001e180000)]
  0x00000000198ca800 JavaThread "Cancel handler" [_thread_blocked, id=14108, stack(0x000000001de80000,0x000000001df80000)]
  0x00000000198d0800 JavaThread "Handler for socket connection from /127.0.0.1:55753 to /127.0.0.1:55773" [_thread_in_native, id=11428, stack(0x000000001dd80000,0x000000001de80000)]
  0x0000000021767000 JavaThread "Memory manager" [_thread_blocked, id=12308, stack(0x000000002d2b0000,0x000000002d3b0000)]
  0x000000002176e000 JavaThread "jar transforms Thread 94" [_thread_blocked, id=10012, stack(0x000000002bfb0000,0x000000002c0b0000)]
  0x000000002176d000 JavaThread "jar transforms Thread 93" [_thread_blocked, id=13052, stack(0x000000002beb0000,0x000000002bfb0000)]
  0x0000000021768000 JavaThread "jar transforms Thread 92" [_thread_blocked, id=12712, stack(0x000000002bdb0000,0x000000002beb0000)]
  0x0000000021765800 JavaThread "jar transforms Thread 91" [_thread_blocked, id=14216, stack(0x000000002bcb0000,0x000000002bdb0000)]
  0x000000002176b000 JavaThread "jar transforms Thread 90" [_thread_blocked, id=10144, stack(0x000000002bbb0000,0x000000002bcb0000)]
  0x0000000021768800 JavaThread "jar transforms Thread 89" [_thread_blocked, id=10032, stack(0x000000002bab0000,0x000000002bbb0000)]
  0x000000002176c800 JavaThread "jar transforms Thread 88" [_thread_blocked, id=9504, stack(0x000000002b9b0000,0x000000002bab0000)]
  0x000000002176a000 JavaThread "jar transforms Thread 87" [_thread_blocked, id=8940, stack(0x000000002b7b0000,0x000000002b8b0000)]
  0x0000000021766800 JavaThread "jar transforms Thread 86" [_thread_blocked, id=8496, stack(0x000000002b6b0000,0x000000002b7b0000)]
  0x000000002176b800 JavaThread "jar transforms Thread 85" [_thread_blocked, id=9292, stack(0x000000002b5b0000,0x000000002b6b0000)]
  0x0000000021769800 JavaThread "jar transforms Thread 84" [_thread_blocked, id=13036, stack(0x000000002b4b0000,0x000000002b5b0000)]
  0x0000000021765000 JavaThread "jar transforms Thread 83" [_thread_blocked, id=4576, stack(0x000000002b3b0000,0x000000002b4b0000)]
  0x000000001f896000 JavaThread "jar transforms Thread 82" [_thread_blocked, id=11056, stack(0x000000002b2b0000,0x000000002b3b0000)]
  0x000000001f895800 JavaThread "jar transforms Thread 81" [_thread_blocked, id=10056, stack(0x000000002b1b0000,0x000000002b2b0000)]
  0x000000001f894000 JavaThread "jar transforms Thread 80" [_thread_blocked, id=2580, stack(0x000000002b0b0000,0x000000002b1b0000)]
  0x000000001f892800 JavaThread "jar transforms Thread 79" [_thread_blocked, id=14200, stack(0x000000002afb0000,0x000000002b0b0000)]
  0x000000001f898800 JavaThread "jar transforms Thread 78" [_thread_blocked, id=6980, stack(0x000000002aeb0000,0x000000002afb0000)]
  0x000000001f894800 JavaThread "jar transforms Thread 77" [_thread_blocked, id=2652, stack(0x000000002adb0000,0x000000002aeb0000)]
  0x000000001f897000 JavaThread "jar transforms Thread 76" [_thread_blocked, id=11052, stack(0x000000002acb0000,0x000000002adb0000)]
  0x000000001f897800 JavaThread "jar transforms Thread 75" [_thread_blocked, id=10628, stack(0x000000002abb0000,0x000000002acb0000)]
  0x000000001f893000 JavaThread "jar transforms Thread 74" [_thread_blocked, id=12736, stack(0x000000002aab0000,0x000000002abb0000)]
  0x000000001f88b800 JavaThread "jar transforms Thread 73" [_thread_blocked, id=7400, stack(0x000000002a9b0000,0x000000002aab0000)]
  0x000000001f88b000 JavaThread "jar transforms Thread 72" [_thread_blocked, id=12020, stack(0x000000002a8b0000,0x000000002a9b0000)]
  0x000000001f891000 JavaThread "jar transforms Thread 71" [_thread_blocked, id=12084, stack(0x000000002a7b0000,0x000000002a8b0000)]
  0x000000001f891800 JavaThread "jar transforms Thread 70" [_thread_blocked, id=4692, stack(0x000000002a6b0000,0x000000002a7b0000)]
  0x000000001f88d000 JavaThread "jar transforms Thread 69" [_thread_blocked, id=7544, stack(0x000000002a5b0000,0x000000002a6b0000)]
  0x000000001f890000 JavaThread "jar transforms Thread 68" [_thread_blocked, id=4208, stack(0x000000002a4b0000,0x000000002a5b0000)]
  0x000000001f88c800 JavaThread "jar transforms Thread 67" [_thread_blocked, id=4296, stack(0x000000002a3b0000,0x000000002a4b0000)]
  0x000000001f88f800 JavaThread "jar transforms Thread 66" [_thread_blocked, id=10004, stack(0x000000002a2b0000,0x000000002a3b0000)]
  0x000000001f88a000 JavaThread "jar transforms Thread 65" [_thread_blocked, id=1144, stack(0x000000002a1b0000,0x000000002a2b0000)]
  0x000000001f889800 JavaThread "jar transforms Thread 64" [_thread_blocked, id=7768, stack(0x000000002a0b0000,0x000000002a1b0000)]
  0x000000001f88e000 JavaThread "jar transforms Thread 63" [_thread_blocked, id=13196, stack(0x0000000029fb0000,0x000000002a0b0000)]
  0x000000001f88e800 JavaThread "jar transforms Thread 62" [_thread_blocked, id=11948, stack(0x0000000029eb0000,0x0000000029fb0000)]
  0x000000001b52a000 JavaThread "jar transforms Thread 61" [_thread_blocked, id=8696, stack(0x0000000029db0000,0x0000000029eb0000)]
  0x000000001b529800 JavaThread "jar transforms Thread 60" [_thread_blocked, id=7820, stack(0x0000000029cb0000,0x0000000029db0000)]
  0x000000001b528800 JavaThread "jar transforms Thread 59" [_thread_blocked, id=13268, stack(0x0000000029bb0000,0x0000000029cb0000)]
  0x000000001b527000 JavaThread "jar transforms Thread 58" [_thread_blocked, id=2080, stack(0x0000000029ab0000,0x0000000029bb0000)]
  0x000000001b526800 JavaThread "jar transforms Thread 57" [_thread_blocked, id=7728, stack(0x00000000299b0000,0x0000000029ab0000)]
  0x000000001b528000 JavaThread "jar transforms Thread 56" [_thread_blocked, id=13796, stack(0x00000000298b0000,0x00000000299b0000)]
  0x000000001b51e800 JavaThread "jar transforms Thread 55" [_thread_blocked, id=1152, stack(0x00000000297b0000,0x00000000298b0000)]
  0x000000001b522800 JavaThread "jar transforms Thread 54" [_thread_blocked, id=1068, stack(0x00000000296b0000,0x00000000297b0000)]
  0x000000001b523000 JavaThread "jar transforms Thread 53" [_thread_blocked, id=5132, stack(0x00000000295b0000,0x00000000296b0000)]
  0x000000001b525000 JavaThread "jar transforms Thread 52" [_thread_blocked, id=12320, stack(0x00000000294b0000,0x00000000295b0000)]
  0x000000001b525800 JavaThread "jar transforms Thread 51" [_thread_blocked, id=7472, stack(0x00000000293b0000,0x00000000294b0000)]
  0x000000001b521800 JavaThread "jar transforms Thread 50" [_thread_blocked, id=7332, stack(0x00000000292b0000,0x00000000293b0000)]
  0x000000001b524000 JavaThread "jar transforms Thread 49" [_thread_blocked, id=2868, stack(0x00000000291b0000,0x00000000292b0000)]
  0x000000001b51b000 JavaThread "jar transforms Thread 48" [_thread_blocked, id=9148, stack(0x00000000290b0000,0x00000000291b0000)]
  0x000000001b51e000 JavaThread "jar transforms Thread 47" [_thread_blocked, id=11384, stack(0x0000000028fb0000,0x00000000290b0000)]
  0x000000001b521000 JavaThread "jar transforms Thread 46" [_thread_blocked, id=2724, stack(0x0000000028eb0000,0x0000000028fb0000)]
  0x000000001b51d000 JavaThread "jar transforms Thread 45" [_thread_blocked, id=10556, stack(0x0000000028db0000,0x0000000028eb0000)]
  0x000000001b520000 JavaThread "jar transforms Thread 44" [_thread_blocked, id=4768, stack(0x0000000028cb0000,0x0000000028db0000)]
  0x000000001b51f800 JavaThread "jar transforms Thread 43" [_thread_blocked, id=9500, stack(0x0000000028bb0000,0x0000000028cb0000)]
  0x000000001b51c800 JavaThread "jar transforms Thread 42" [_thread_blocked, id=9592, stack(0x0000000028ab0000,0x0000000028bb0000)]
  0x000000001b51b800 JavaThread "jar transforms Thread 41" [_thread_blocked, id=11072, stack(0x00000000289b0000,0x0000000028ab0000)]
  0x0000000021249800 JavaThread "jar transforms Thread 40" [_thread_blocked, id=4240, stack(0x00000000288b0000,0x00000000289b0000)]
  0x000000002124e000 JavaThread "jar transforms Thread 39" [_thread_blocked, id=6440, stack(0x00000000287b0000,0x00000000288b0000)]
  0x000000002124f800 JavaThread "jar transforms Thread 38" [_thread_blocked, id=9300, stack(0x00000000286b0000,0x00000000287b0000)]
  0x000000002124f000 JavaThread "jar transforms Thread 37" [_thread_blocked, id=13660, stack(0x00000000285b0000,0x00000000286b0000)]
  0x000000002124c800 JavaThread "jar transforms Thread 36" [_thread_blocked, id=7320, stack(0x00000000284b0000,0x00000000285b0000)]
  0x000000002124a800 JavaThread "jar transforms Thread 35" [_thread_blocked, id=9408, stack(0x00000000283b0000,0x00000000284b0000)]
  0x000000002124b000 JavaThread "jar transforms Thread 34" [_thread_blocked, id=1200, stack(0x00000000282b0000,0x00000000283b0000)]
  0x0000000021249000 JavaThread "jar transforms Thread 33" [_thread_blocked, id=8, stack(0x00000000281b0000,0x00000000282b0000)]
  0x000000002124c000 JavaThread "jar transforms Thread 32" [_thread_blocked, id=12628, stack(0x00000000280b0000,0x00000000281b0000)]
  0x000000002124d800 JavaThread "jar transforms Thread 31" [_thread_blocked, id=288, stack(0x0000000027fb0000,0x00000000280b0000)]
  0x0000000021284000 JavaThread "jar transforms Thread 30" [_thread_blocked, id=8392, stack(0x0000000027eb0000,0x0000000027fb0000)]
  0x0000000021283800 JavaThread "jar transforms Thread 29" [_thread_blocked, id=7052, stack(0x0000000027db0000,0x0000000027eb0000)]
  0x0000000021282800 JavaThread "jar transforms Thread 28" [_thread_blocked, id=12748, stack(0x0000000027cb0000,0x0000000027db0000)]
  0x0000000021288800 JavaThread "jar transforms Thread 27" [_thread_blocked, id=6064, stack(0x0000000027bb0000,0x0000000027cb0000)]
  0x0000000021285800 JavaThread "jar transforms Thread 26" [_thread_blocked, id=9448, stack(0x0000000027ab0000,0x0000000027bb0000)]
  0x0000000021288000 JavaThread "jar transforms Thread 25" [_thread_blocked, id=2728, stack(0x00000000279b0000,0x0000000027ab0000)]
  0x0000000021282000 JavaThread "jar transforms Thread 24" [_thread_blocked, id=8072, stack(0x00000000278b0000,0x00000000279b0000)]
  0x0000000021287000 JavaThread "jar transforms Thread 23" [_thread_blocked, id=11532, stack(0x00000000277b0000,0x00000000278b0000)]
  0x0000000021286800 JavaThread "jar transforms Thread 22" [_thread_blocked, id=1372, stack(0x00000000276b0000,0x00000000277b0000)]
  0x0000000021285000 JavaThread "jar transforms Thread 21" [_thread_blocked, id=1660, stack(0x00000000275b0000,0x00000000276b0000)]
  0x000000001f171800 JavaThread "Cache worker for file content cache (C:\Users\Nicolas\.gradle\caches\6.5\fileContent)" [_thread_blocked, id=1860, stack(0x0000000023f90000,0x0000000024090000)]
  0x000000001f174800 JavaThread "Cache worker for execution history cache (C:\Users\Nicolas\.gradle\caches\6.5\executionHistory)" [_thread_in_Java, id=14120, stack(0x0000000023a90000,0x0000000023b90000)]
  0x000000001f173000 JavaThread "jar transforms Thread 20" [_thread_blocked, id=9340, stack(0x0000000023290000,0x0000000023390000)]
  0x000000001f170000 JavaThread "jar transforms Thread 19" [_thread_blocked, id=12580, stack(0x0000000023190000,0x0000000023290000)]
  0x000000001f16d000 JavaThread "jar transforms Thread 18" [_thread_blocked, id=6568, stack(0x0000000023090000,0x0000000023190000)]
  0x000000001f170800 JavaThread "jar transforms Thread 17" [_thread_blocked, id=6316, stack(0x0000000022f90000,0x0000000023090000)]
  0x000000001f172000 JavaThread "jar transforms Thread 16" [_thread_blocked, id=9200, stack(0x0000000022e90000,0x0000000022f90000)]
  0x000000001f16a800 JavaThread "jar transforms Thread 15" [_thread_blocked, id=3848, stack(0x0000000022d90000,0x0000000022e90000)]
  0x000000001f167800 JavaThread "jar transforms Thread 14" [_thread_blocked, id=12424, stack(0x0000000022b90000,0x0000000022c90000)]
  0x000000001f16e800 JavaThread "jar transforms Thread 13" [_thread_blocked, id=6968, stack(0x0000000022a90000,0x0000000022b90000)]
  0x000000001f169000 JavaThread "jar transforms Thread 12" [_thread_blocked, id=8132, stack(0x0000000022990000,0x0000000022a90000)]
  0x000000001f16b000 JavaThread "jar transforms Thread 11" [_thread_blocked, id=11960, stack(0x0000000022890000,0x0000000022990000)]
  0x000000001f168000 JavaThread "jar transforms Thread 10" [_thread_blocked, id=9936, stack(0x0000000022790000,0x0000000022890000)]
  0x000000001f16d800 JavaThread "jar transforms Thread 9" [_thread_blocked, id=13136, stack(0x0000000022690000,0x0000000022790000)]
  0x000000001f169800 JavaThread "jar transforms Thread 8" [_thread_blocked, id=11184, stack(0x0000000022590000,0x0000000022690000)]
  0x000000001c53c800 JavaThread "jar transforms Thread 7" [_thread_blocked, id=6808, stack(0x0000000022490000,0x0000000022590000)]
  0x000000001c539800 JavaThread "jar transforms Thread 6" [_thread_blocked, id=10552, stack(0x0000000022390000,0x0000000022490000)]
  0x000000001c53a000 JavaThread "jar transforms Thread 5" [_thread_blocked, id=10132, stack(0x0000000022290000,0x0000000022390000)]
  0x000000001c540000 JavaThread "jar transforms Thread 4" [_thread_blocked, id=1480, stack(0x0000000022190000,0x0000000022290000)]
  0x000000001c53f800 JavaThread "jar transforms Thread 3" [_thread_blocked, id=4204, stack(0x0000000020de0000,0x0000000020ee0000)]
  0x000000001c53e800 JavaThread "jar transforms Thread 2" [_thread_blocked, id=10404, stack(0x000000001fb50000,0x000000001fc50000)]
  0x000000001c53e000 JavaThread "jar transforms" [_thread_blocked, id=5276, stack(0x000000001fa50000,0x000000001fb50000)]
  0x000000001c53b000 JavaThread "Cache worker for file hash cache (C:\Users\Nicolas\.gradle\caches\6.5\fileHashes)" [_thread_blocked, id=14224, stack(0x000000001e780000,0x000000001e880000)]
  0x000000001c53b800 JavaThread "File lock request listener" [_thread_in_native, id=240, stack(0x000000001e680000,0x000000001e780000)]
  0x000000001c414800 JavaThread "Cache worker for journal cache (C:\Users\Nicolas\.gradle\caches\journal-1)" [_thread_blocked, id=10908, stack(0x000000001e580000,0x000000001e680000)]
  0x000000001bb88800 JavaThread "Daemon worker" [_thread_blocked, id=2304, stack(0x000000001df80000,0x000000001e080000)]
  0x000000001c233000 JavaThread "Daemon" [_thread_blocked, id=6236, stack(0x000000001dc80000,0x000000001dd80000)]
  0x000000001c220000 JavaThread "Daemon periodic checks" [_thread_blocked, id=12168, stack(0x000000001d980000,0x000000001da80000)]
  0x000000001c20b800 JavaThread "Incoming local TCP Connector on port 55753" [_thread_in_native, id=8948, stack(0x000000001d740000,0x000000001d840000)]
  0x000000001c19f800 JavaThread "Daemon health stats" [_thread_blocked, id=2972, stack(0x000000001d100000,0x000000001d200000)]
  0x0000000019926800 JavaThread "Service Thread" daemon [_thread_blocked, id=2804, stack(0x000000001a560000,0x000000001a660000)]
  0x00000000198ab800 JavaThread "C1 CompilerThread3" daemon [_thread_in_native, id=11836, stack(0x000000001a460000,0x000000001a560000)]
=>0x00000000198a7000 JavaThread "C2 CompilerThread2" daemon [_thread_in_native, id=14068, stack(0x000000001a360000,0x000000001a460000)]
  0x0000000017a9d000 JavaThread "C2 CompilerThread1" daemon [_thread_in_native, id=8548, stack(0x000000001a260000,0x000000001a360000)]
  0x0000000017a9a000 JavaThread "C2 CompilerThread0" daemon [_thread_in_native, id=11864, stack(0x000000001a160000,0x000000001a260000)]
  0x0000000019891800 JavaThread "Attach Listener" daemon [_thread_blocked, id=12388, stack(0x000000001a060000,0x000000001a160000)]
  0x0000000019896000 JavaThread "Signal Dispatcher" daemon [_thread_blocked, id=1168, stack(0x0000000019f60000,0x000000001a060000)]
  0x0000000002a1c800 JavaThread "Finalizer" daemon [_thread_blocked, id=6048, stack(0x0000000019d60000,0x0000000019e60000)]
  0x0000000019880800 JavaThread "Reference Handler" daemon [_thread_blocked, id=7780, stack(0x0000000019c60000,0x0000000019d60000)]
  0x000000000276e000 JavaThread "main" [_thread_blocked, id=3468, stack(0x0000000002820000,0x0000000002920000)]

Other Threads:
  0x0000000017a88000 VMThread [stack: 0x0000000019760000,0x0000000019860000] [id=12816]
  0x0000000019927000 WatcherThread [stack: 0x000000001a660000,0x000000001a760000] [id=6436]

VM state:not at safepoint (normal execution)

VM Mutex/Monitor currently owned by a thread: None

heap address: 0x0000000080000000, size: 2048 MB, Compressed Oops mode: 32-bit
Narrow klass base: 0x0000000000000000, Narrow klass shift: 3
Compressed class space size: 1073741824 Address: 0x0000000100000000

Heap:
 PSYoungGen      total 283136K, used 128329K [0x00000000d5580000, 0x00000000e8800000, 0x0000000100000000)
  eden space 253440K, 50% used [0x00000000d5580000,0x00000000dd2d2670,0x00000000e4d00000)
  from space 29696K, 0% used [0x00000000e6b00000,0x00000000e6b00000,0x00000000e8800000)
  to   space 30208K, 0% used [0x00000000e4d00000,0x00000000e4d00000,0x00000000e6a80000)
 ParOldGen       total 136704K, used 65117K [0x0000000080000000, 0x0000000088580000, 0x00000000d5580000)
  object space 136704K, 47% used [0x0000000080000000,0x0000000083f97630,0x0000000088580000)
 Metaspace       used 96371K, capacity 101086K, committed 101720K, reserved 1136640K
  class space    used 12621K, capacity 13599K, committed 13696K, reserved 1048576K

Card table byte_map: [0x0000000011de0000,0x00000000121f0000] byte_map_base: 0x00000000119e0000

Marking Bits: (ParMarkBitMap*) 0x00000000583ef030
 Begin Bits: [0x0000000012ca0000, 0x0000000014ca0000)
 End Bits:   [0x0000000014ca0000, 0x0000000016ca0000)

Polling page: 0x0000000000f00000

CodeCache: size=245760Kb used=42495Kb max_used=42495Kb free=203264Kb
 bounds [0x0000000002a20000, 0x0000000005430000, 0x0000000011a20000]
 total_blobs=13543 nmethods=12638 adapters=816
 compilation: enabled

Compilation events (10 events):
Event: 39.041 Thread 0x00000000198ab800 nmethod 15289 0x0000000002d597d0 code [0x0000000002d59920, 0x0000000002d59a30]
Event: 39.041 Thread 0x00000000198ab800 15288       2       com.android.tools.build.apkzlib.zip.FileUseMapEntry::lambda$static$0 (13 bytes)
Event: 39.042 Thread 0x00000000198ab800 nmethod 15288 0x0000000002d59410 code [0x0000000002d59560, 0x0000000002d596f0]
Event: 39.042 Thread 0x00000000198ab800 15285       2       com.google.common.base.Verify::verify (18 bytes)
Event: 39.042 Thread 0x00000000198ab800 nmethod 15285 0x0000000002d58f50 code [0x0000000002d590c0, 0x0000000002d592d8]
Event: 39.042 Thread 0x00000000198ab800 15290       2       com.google.common.base.Verify::verifyNotNull (16 bytes)
Event: 39.042 Thread 0x00000000198ab800 nmethod 15290 0x0000000002d58a10 code [0x0000000002d58b80, 0x0000000002d58db8]
Event: 39.042 Thread 0x00000000198ab800 15291       2       com.android.tools.build.apkzlib.zip.CentralDirectoryHeader::getOffset (5 bytes)
Event: 39.043 Thread 0x00000000198ab800 nmethod 15291 0x0000000002d586d0 code [0x0000000002d58820, 0x0000000002d58970]
Event: 39.043 Thread 0x00000000198ab800 15292       2       com.android.tools.build.apkzlib.zip.FileUseMapEntry::isFree (13 bytes)

GC Heap History (10 events):
Event: 13.560 GC heap before
{Heap before GC invocations=18 (full 3):
 PSYoungGen      total 219648K, used 219621K [0x00000000d5580000, 0x00000000e4a00000, 0x0000000100000000)
  eden space 201216K, 100% used [0x00000000d5580000,0x00000000e1a00000,0x00000000e1a00000)
  from space 18432K, 99% used [0x00000000e3100000,0x00000000e42f94f0,0x00000000e4300000)
  to   space 23552K, 0% used [0x00000000e1a00000,0x00000000e1a00000,0x00000000e3100000)
 ParOldGen       total 136704K, used 42476K [0x0000000080000000, 0x0000000088580000, 0x00000000d5580000)
  object space 136704K, 31% used [0x0000000080000000,0x000000008297b178,0x0000000088580000)
 Metaspace       used 82597K, capacity 86930K, committed 87000K, reserved 1124352K
  class space    used 11189K, capacity 12031K, committed 12032K, reserved 1048576K
Event: 13.577 GC heap after
Heap after GC invocations=18 (full 3):
 PSYoungGen      total 224768K, used 23540K [0x00000000d5580000, 0x00000000e7a00000, 0x0000000100000000)
  eden space 201216K, 0% used [0x00000000d5580000,0x00000000d5580000,0x00000000e1a00000)
  from space 23552K, 99% used [0x00000000e1a00000,0x00000000e30fd228,0x00000000e3100000)
  to   space 30720K, 0% used [0x00000000e5c00000,0x00000000e5c00000,0x00000000e7a00000)
 ParOldGen       total 136704K, used 52483K [0x0000000080000000, 0x0000000088580000, 0x00000000d5580000)
  object space 136704K, 38% used [0x0000000080000000,0x0000000083340dd8,0x0000000088580000)
 Metaspace       used 82597K, capacity 86930K, committed 87000K, reserved 1124352K
  class space    used 11189K, capacity 12031K, committed 12032K, reserved 1048576K
}
Event: 22.590 GC heap before
{Heap before GC invocations=19 (full 3):
 PSYoungGen      total 224768K, used 224756K [0x00000000d5580000, 0x00000000e7a00000, 0x0000000100000000)
  eden space 201216K, 100% used [0x00000000d5580000,0x00000000e1a00000,0x00000000e1a00000)
  from space 23552K, 99% used [0x00000000e1a00000,0x00000000e30fd228,0x00000000e3100000)
  to   space 30720K, 0% used [0x00000000e5c00000,0x00000000e5c00000,0x00000000e7a00000)
 ParOldGen       total 136704K, used 52483K [0x0000000080000000, 0x0000000088580000, 0x00000000d5580000)
  object space 136704K, 38% used [0x0000000080000000,0x0000000083340dd8,0x0000000088580000)
 Metaspace       used 89252K, capacity 93832K, committed 93912K, reserved 1130496K
  class space    used 11785K, capacity 12732K, committed 12800K, reserved 1048576K
Event: 22.611 GC heap after
Heap after GC invocations=19 (full 3):
 PSYoungGen      total 255488K, used 14883K [0x00000000d5580000, 0x00000000e7280000, 0x0000000100000000)
  eden space 232448K, 0% used [0x00000000d5580000,0x00000000d5580000,0x00000000e3880000)
  from space 23040K, 64% used [0x00000000e5c00000,0x00000000e6a88fa0,0x00000000e7280000)
  to   space 29696K, 0% used [0x00000000e3880000,0x00000000e3880000,0x00000000e5580000)
 ParOldGen       total 136704K, used 73746K [0x0000000080000000, 0x0000000088580000, 0x00000000d5580000)
  object space 136704K, 53% used [0x0000000080000000,0x0000000084804b98,0x0000000088580000)
 Metaspace       used 89252K, capacity 93832K, committed 93912K, reserved 1130496K
  class space    used 11785K, capacity 12732K, committed 12800K, reserved 1048576K
}
Event: 35.906 GC heap before
{Heap before GC invocations=20 (full 3):
 PSYoungGen      total 255488K, used 247331K [0x00000000d5580000, 0x00000000e7280000, 0x0000000100000000)
  eden space 232448K, 100% used [0x00000000d5580000,0x00000000e3880000,0x00000000e3880000)
  from space 23040K, 64% used [0x00000000e5c00000,0x00000000e6a88fa0,0x00000000e7280000)
  to   space 29696K, 0% used [0x00000000e3880000,0x00000000e3880000,0x00000000e5580000)
 ParOldGen       total 136704K, used 73746K [0x0000000080000000, 0x0000000088580000, 0x00000000d5580000)
  object space 136704K, 53% used [0x0000000080000000,0x0000000084804b98,0x0000000088580000)
 Metaspace       used 91506K, capacity 96476K, committed 96728K, reserved 1132544K
  class space    used 12050K, capacity 13016K, committed 13056K, reserved 1048576K
Event: 35.921 GC heap after
Heap after GC invocations=20 (full 3):
 PSYoungGen      total 262144K, used 23877K [0x00000000d5580000, 0x00000000e8a00000, 0x0000000100000000)
  eden space 232448K, 0% used [0x00000000d5580000,0x00000000d5580000,0x00000000e3880000)
  from space 29696K, 80% used [0x00000000e3880000,0x00000000e4fd1500,0x00000000e5580000)
  to   space 31744K, 0% used [0x00000000e6b00000,0x00000000e6b00000,0x00000000e8a00000)
 ParOldGen       total 136704K, used 73754K [0x0000000080000000, 0x0000000088580000, 0x00000000d5580000)
  object space 136704K, 53% used [0x0000000080000000,0x0000000084806b98,0x0000000088580000)
 Metaspace       used 91506K, capacity 96476K, committed 96728K, reserved 1132544K
  class space    used 12050K, capacity 13016K, committed 13056K, reserved 1048576K
}
Event: 37.969 GC heap before
{Heap before GC invocations=21 (full 3):
 PSYoungGen      total 262144K, used 239359K [0x00000000d5580000, 0x00000000e8a00000, 0x0000000100000000)
  eden space 232448K, 92% used [0x00000000d5580000,0x00000000e27ee700,0x00000000e3880000)
  from space 29696K, 80% used [0x00000000e3880000,0x00000000e4fd1500,0x00000000e5580000)
  to   space 31744K, 0% used [0x00000000e6b00000,0x00000000e6b00000,0x00000000e8a00000)
 ParOldGen       total 136704K, used 73754K [0x0000000080000000, 0x0000000088580000, 0x00000000d5580000)
  object space 136704K, 53% used [0x0000000080000000,0x0000000084806b98,0x0000000088580000)
 Metaspace       used 93160K, capacity 98194K, committed 98264K, reserved 1134592K
  class space    used 12221K, capacity 13243K, committed 13312K, reserved 1048576K
Event: 37.989 GC heap after
Heap after GC invocations=21 (full 3):
 PSYoungGen      total 283136K, used 15041K [0x00000000d5580000, 0x00000000e8800000, 0x0000000100000000)
  eden space 253440K, 0% used [0x00000000d5580000,0x00000000d5580000,0x00000000e4d00000)
  from space 29696K, 50% used [0x00000000e6b00000,0x00000000e79b0630,0x00000000e8800000)
  to   space 30208K, 0% used [0x00000000e4d00000,0x00000000e4d00000,0x00000000e6a80000)
 ParOldGen       total 136704K, used 73762K [0x0000000080000000, 0x0000000088580000, 0x00000000d5580000)
  object space 136704K, 53% used [0x0000000080000000,0x0000000084808b98,0x0000000088580000)
 Metaspace       used 93160K, capacity 98194K, committed 98264K, reserved 1134592K
  class space    used 12221K, capacity 13243K, committed 13312K, reserved 1048576K
}
Event: 37.989 GC heap before
{Heap before GC invocations=22 (full 4):
 PSYoungGen      total 283136K, used 15041K [0x00000000d5580000, 0x00000000e8800000, 0x0000000100000000)
  eden space 253440K, 0% used [0x00000000d5580000,0x00000000d5580000,0x00000000e4d00000)
  from space 29696K, 50% used [0x00000000e6b00000,0x00000000e79b0630,0x00000000e8800000)
  to   space 30208K, 0% used [0x00000000e4d00000,0x00000000e4d00000,0x00000000e6a80000)
 ParOldGen       total 136704K, used 73762K [0x0000000080000000, 0x0000000088580000, 0x00000000d5580000)
  object space 136704K, 53% used [0x0000000080000000,0x0000000084808b98,0x0000000088580000)
 Metaspace       used 93160K, capacity 98194K, committed 98264K, reserved 1134592K
  class space    used 12221K, capacity 13243K, committed 13312K, reserved 1048576K
Event: 38.143 GC heap after
Heap after GC invocations=22 (full 4):
 PSYoungGen      total 283136K, used 0K [0x00000000d5580000, 0x00000000e8800000, 0x0000000100000000)
  eden space 253440K, 0% used [0x00000000d5580000,0x00000000d5580000,0x00000000e4d00000)
  from space 29696K, 0% used [0x00000000e6b00000,0x00000000e6b00000,0x00000000e8800000)
  to   space 30208K, 0% used [0x00000000e4d00000,0x00000000e4d00000,0x00000000e6a80000)
 ParOldGen       total 136704K, used 65117K [0x0000000080000000, 0x0000000088580000, 0x00000000d5580000)
  object space 136704K, 47% used [0x0000000080000000,0x0000000083f97630,0x0000000088580000)
 Metaspace       used 92891K, capacity 97384K, committed 98264K, reserved 1134592K
  class space    used 12135K, capacity 13090K, committed 13312K, reserved 1048576K
}

Deoptimization events (10 events):
Event: 38.918 Thread 0x000000001c53d000 Uncommon trap: reason=unloaded action=reinterpret pc=0x0000000004a44ccc method=java.util.regex.Pattern.newSlice([IIZ)Ljava/util/regex/Pattern$Node; @ 68
Event: 38.919 Thread 0x000000001c53d000 Uncommon trap: reason=unloaded action=reinterpret pc=0x00000000042de20c method=java.util.regex.Pattern.newSlice([IIZ)Ljava/util/regex/Pattern$Node; @ 68
Event: 38.947 Thread 0x000000001c53d000 Uncommon trap: reason=bimorphic action=maybe_recompile pc=0x000000000382d86c method=java.io.ObjectInputStream$PeekInputStream.read()I @ 23
Event: 38.947 Thread 0x000000001c53d000 Uncommon trap: reason=bimorphic action=maybe_recompile pc=0x000000000382d86c method=java.io.ObjectInputStream$PeekInputStream.read()I @ 23
Event: 38.947 Thread 0x000000001c53d000 Uncommon trap: reason=bimorphic action=maybe_recompile pc=0x000000000382d86c method=java.io.ObjectInputStream$PeekInputStream.read()I @ 23
Event: 38.947 Thread 0x000000001c53d000 Uncommon trap: reason=bimorphic action=maybe_recompile pc=0x000000000382d86c method=java.io.ObjectInputStream$PeekInputStream.read()I @ 23
Event: 38.949 Thread 0x000000002127c800 Uncommon trap: reason=unstable_if action=reinterpret pc=0x000000000403b280 method=java.nio.Buffer.limit(I)Ljava/nio/Buffer; @ 33
Event: 38.949 Thread 0x000000001c53d000 Uncommon trap: reason=bimorphic action=maybe_recompile pc=0x0000000002d97f94 method=java.io.ObjectInputStream$PeekInputStream.read()I @ 23
Event: 38.962 Thread 0x000000002127c800 Uncommon trap: reason=unstable_if action=reinterpret pc=0x000000000421d7a4 method=java.io.BufferedOutputStream.write(I)V @ 9
Event: 38.991 Thread 0x000000001c53d000 Uncommon trap: reason=unstable_if action=reinterpret pc=0x0000000004309c4c method=sun.nio.fs.WindowsPathParser.nextNonSlash(Ljava/lang/String;II)I @ 2

Classes redefined (0 events):
No events

Internal exceptions (10 events):
Event: 38.856 Thread 0x000000002127e000 Exception <a 'sun/nio/fs/WindowsException'> (0x00000000db2cd360) thrown at [C:\src\AOSP-openjdk-git\hotspot\src\share\vm\prims\jni.cpp, line 710]
Event: 38.868 Thread 0x000000002127e000 Exception <a 'java/lang/NoSuchMethodError': <clinit>> (0x00000000db3bc8f0) thrown at [C:\src\AOSP-openjdk-git\hotspot\src\share\vm\prims\jni.cpp, line 1615]
Event: 38.870 Thread 0x000000002127e000 Exception <a 'java/lang/NoSuchMethodError': <clinit>> (0x00000000db3db988) thrown at [C:\src\AOSP-openjdk-git\hotspot\src\share\vm\prims\jni.cpp, line 1615]
Event: 38.898 Thread 0x000000001c53d000 Exception <a 'java/lang/NoSuchMethodError': java.lang.Object.lambda$asRunnable$0(Lcom/android/tools/build/apkzlib/utils/IOExceptionRunnable;)V> (0x00000000db8b9820) thrown at [C:\src\AOSP-openjdk-git\hotspot\src\share\vm\interpreter\linkResolver.cpp, line
Event: 38.923 Thread 0x000000002127c800 Exception <a 'sun/nio/fs/WindowsException'> (0x00000000dbc99138) thrown at [C:\src\AOSP-openjdk-git\hotspot\src\share\vm\prims\jni.cpp, line 710]
Event: 38.934 Thread 0x000000001c53d000 Exception <a 'java/lang/NoSuchMethodError': java.lang.Object.newSystemTemporaryDirectory()Lcom/android/tools/build/apkzlib/bytestorage/TemporaryDirectory;> (0x00000000dbf20ed0) thrown at [C:\src\AOSP-openjdk-git\hotspot\src\share\vm\interpreter\linkResolv
Event: 38.950 Thread 0x00000000198d4000 Exception <a 'sun/nio/fs/WindowsException'> (0x00000000dc042718) thrown at [C:\src\AOSP-openjdk-git\hotspot\src\share\vm\prims\jni.cpp, line 710]
Event: 38.994 Thread 0x00000000198d4000 Exception <a 'sun/nio/fs/WindowsException'> (0x00000000dc7f9c98) thrown at [C:\src\AOSP-openjdk-git\hotspot\src\share\vm\prims\jni.cpp, line 710]
Event: 38.994 Thread 0x000000002127c800 Exception <a 'sun/nio/fs/WindowsException'> (0x00000000dc62ebc0) thrown at [C:\src\AOSP-openjdk-git\hotspot\src\share\vm\prims\jni.cpp, line 710]
Event: 38.997 Thread 0x00000000198d4000 Exception <a 'java/lang/NoSuchMethodError': java.lang.Object.lambda$static$0(Ljava/lang/String;)Z> (0x00000000dc8d59c0) thrown at [C:\src\AOSP-openjdk-git\hotspot\src\share\vm\interpreter\linkResolver.cpp, line 620]

Events (10 events):
Event: 39.023 loading class com/android/tools/build/apkzlib/zip/StoredEntry
Event: 39.023 loading class com/android/tools/build/apkzlib/zip/StoredEntry done
Event: 39.024 Thread 0x00000000198d5800 DEOPT PACKING pc=0x000000000482d17c sp=0x00000000270adda0
Event: 39.024 Thread 0x00000000198d5800 DEOPT UNPACKING pc=0x0000000002a675d0 sp=0x00000000270adc58 mode 0
Event: 39.024 loading class com/android/tools/build/apkzlib/zip/ProcessedAndRawByteSources
Event: 39.024 loading class com/android/tools/build/apkzlib/zip/ProcessedAndRawByteSources done
Event: 39.025 loading class com/android/tools/build/apkzlib/zip/StoredEntryType
Event: 39.025 loading class com/android/tools/build/apkzlib/zip/StoredEntryType done
Event: 39.026 loading class com/android/tools/build/apkzlib/zip/DataDescriptorType
Event: 39.026 loading class com/android/tools/build/apkzlib/zip/DataDescriptorType done


Dynamic libraries:
0x00007ff7d6910000 - 0x00007ff7d6941000 	C:\Program Files\Android\Android Studio\jre\bin\java.exe
0x00007ffbd49d0000 - 0x00007ffbd4bc6000 	C:\WINDOWS\SYSTEM32\ntdll.dll
0x00007ffbd3430000 - 0x00007ffbd34ed000 	C:\WINDOWS\System32\KERNEL32.DLL
0x00007ffbd2110000 - 0x00007ffbd23d9000 	C:\WINDOWS\System32\KERNELBASE.dll
0x00007ffbd3370000 - 0x00007ffbd341c000 	C:\WINDOWS\System32\ADVAPI32.dll
0x00007ffbd2c90000 - 0x00007ffbd2d2e000 	C:\WINDOWS\System32\msvcrt.dll
0x00007ffbd3f90000 - 0x00007ffbd402c000 	C:\WINDOWS\System32\sechost.dll
0x00007ffbd3e60000 - 0x00007ffbd3f8b000 	C:\WINDOWS\System32\RPCRT4.dll
0x00007ffbd31d0000 - 0x00007ffbd3370000 	C:\WINDOWS\System32\USER32.dll
0x00007ffbd23e0000 - 0x00007ffbd2402000 	C:\WINDOWS\System32\win32u.dll
0x00007ffbd47e0000 - 0x00007ffbd480a000 	C:\WINDOWS\System32\GDI32.dll
0x00007ffbd2540000 - 0x00007ffbd2649000 	C:\WINDOWS\System32\gdi32full.dll
0x00007ffbd2650000 - 0x00007ffbd26ed000 	C:\WINDOWS\System32\msvcp_win.dll
0x00007ffbd2880000 - 0x00007ffbd2980000 	C:\WINDOWS\System32\ucrtbase.dll
0x00007ffbbdd20000 - 0x00007ffbbdfbb000 	C:\WINDOWS\WinSxS\amd64_microsoft.windows.common-controls_6595b64144ccf1df_6.0.19041.488_none_ca04af081b815d21\COMCTL32.dll
0x00007ffbd2c40000 - 0x00007ffbd2c70000 	C:\WINDOWS\System32\IMM32.DLL
0x0000000057a60000 - 0x0000000057b32000 	C:\Program Files\Android\Android Studio\jre\jre\bin\msvcr100.dll
0x0000000057c20000 - 0x000000005846b000 	C:\Program Files\Android\Android Studio\jre\jre\bin\server\jvm.dll
0x00007ffbd4030000 - 0x00007ffbd4038000 	C:\WINDOWS\System32\PSAPI.DLL
0x00007ffbca240000 - 0x00007ffbca24a000 	C:\WINDOWS\SYSTEM32\VERSION.dll
0x00007ffbba370000 - 0x00007ffbba379000 	C:\WINDOWS\SYSTEM32\WSOCK32.dll
0x00007ffbbcec0000 - 0x00007ffbbcee7000 	C:\WINDOWS\SYSTEM32\WINMM.dll
0x00007ffbd4810000 - 0x00007ffbd487b000 	C:\WINDOWS\System32\WS2_32.dll
0x00007ffbcdda0000 - 0x00007ffbcddaf000 	C:\Program Files\Android\Android Studio\jre\jre\bin\verify.dll
0x00007ffbb1d50000 - 0x00007ffbb1d79000 	C:\Program Files\Android\Android Studio\jre\jre\bin\java.dll
0x00007ffbca650000 - 0x00007ffbca666000 	C:\Program Files\Android\Android Studio\jre\jre\bin\zip.dll
0x00007ffbd3710000 - 0x00007ffbd3e52000 	C:\WINDOWS\System32\SHELL32.dll
0x00007ffbcfea0000 - 0x00007ffbd0635000 	C:\WINDOWS\SYSTEM32\windows.storage.dll
0x00007ffbd2d90000 - 0x00007ffbd30e6000 	C:\WINDOWS\System32\combase.dll
0x00007ffbd1b80000 - 0x00007ffbd1bac000 	C:\WINDOWS\SYSTEM32\Wldp.dll
0x00007ffbd4880000 - 0x00007ffbd492e000 	C:\WINDOWS\System32\SHCORE.dll
0x00007ffbd4930000 - 0x00007ffbd4985000 	C:\WINDOWS\System32\shlwapi.dll
0x00007ffbd2040000 - 0x00007ffbd2066000 	C:\WINDOWS\SYSTEM32\profapi.dll
0x00007ffbc9bb0000 - 0x00007ffbc9bca000 	C:\Program Files\Android\Android Studio\jre\jre\bin\net.dll
0x00007ffbd1900000 - 0x00007ffbd196a000 	C:\WINDOWS\system32\mswsock.dll
0x00007ffbc8360000 - 0x00007ffbc8373000 	C:\Program Files\Android\Android Studio\jre\jre\bin\nio.dll
0x00007ffbae180000 - 0x00007ffbae1a7000 	C:\Users\Nicolas\.gradle\native\f6784746aeab05261644944871eae4fe03e0ef1612fff0a4a95f87b438bc6780\windows-amd64\native-platform.dll
0x00007ffbcc790000 - 0x00007ffbcc79d000 	C:\Program Files\Android\Android Studio\jre\jre\bin\management.dll
0x00007ffbd1ad0000 - 0x00007ffbd1ae8000 	C:\WINDOWS\SYSTEM32\CRYPTSP.dll
0x00007ffbd1220000 - 0x00007ffbd1254000 	C:\WINDOWS\system32\rsaenh.dll
0x00007ffbd2850000 - 0x00007ffbd2877000 	C:\WINDOWS\System32\bcrypt.dll
0x00007ffbd1fc0000 - 0x00007ffbd1fee000 	C:\WINDOWS\SYSTEM32\USERENV.dll
0x00007ffbd24c0000 - 0x00007ffbd2540000 	C:\WINDOWS\System32\bcryptprimitives.dll
0x00007ffbd1af0000 - 0x00007ffbd1afc000 	C:\WINDOWS\SYSTEM32\CRYPTBASE.dll
0x00007ffbd15a0000 - 0x00007ffbd15db000 	C:\WINDOWS\SYSTEM32\IPHLPAPI.DLL
0x00007ffbd3420000 - 0x00007ffbd3428000 	C:\WINDOWS\System32\NSI.dll
0x00007ffbc9c20000 - 0x00007ffbc9c37000 	C:\WINDOWS\SYSTEM32\dhcpcsvc6.DLL
0x00007ffbca220000 - 0x00007ffbca23d000 	C:\WINDOWS\SYSTEM32\dhcpcsvc.DLL
0x00007ffbd15e0000 - 0x00007ffbd16ab000 	C:\WINDOWS\SYSTEM32\DNSAPI.dll
0x00007ffbcb0b0000 - 0x00007ffbcb0bb000 	C:\WINDOWS\SYSTEM32\WINNSI.DLL
0x00007ffbb1d20000 - 0x00007ffbb1d44000 	C:\Program Files\Android\Android Studio\jre\jre\bin\sunec.dll
0x00007ffbc8020000 - 0x00007ffbc802a000 	C:\Windows\System32\rasadhlp.dll
0x00007ffbc6820000 - 0x00007ffbc689f000 	C:\WINDOWS\System32\fwpuclnt.dll
0x00007ffbca550000 - 0x00007ffbca55b000 	C:\Program Files\Android\Android Studio\jre\jre\bin\sunmscapi.dll
0x00007ffbd26f0000 - 0x00007ffbd284d000 	C:\WINDOWS\System32\CRYPT32.dll
0x00007ffbd0e50000 - 0x00007ffbd0e83000 	C:\WINDOWS\SYSTEM32\ntmarta.dll

VM Arguments:
jvm_args: -Xmx2048m -Dfile.encoding=UTF-8 -Duser.country=US -Duser.language=en -Duser.variant 
java_command: org.gradle.launcher.daemon.bootstrap.GradleDaemon 6.5
java_class_path (initial): C:\Users\Nicolas\.gradle\wrapper\dists\gradle-6.5-all\2oz4ud9k3tuxjg84bbf55q0tn\gradle-6.5\lib\gradle-launcher-6.5.jar
Launcher Type: SUN_STANDARD

Environment Variables:
PATH=C:\oraclexe\app\oracle\product\11.2.0\server\bin;C:\Program Files (x86)\Common Files\Oracle\Java\javapath;C:\WINDOWS\system32;C:\WINDOWS;C:\WINDOWS\System32\Wbem;C:\WINDOWS\System32\WindowsPowerShell\v1.0\;C:\WINDOWS\System32\OpenSSH\;C:\Program Files\Microsoft SQL Server\130\Tools\Binn\;C:\Program Files\Microsoft SQL Server\Client SDK\ODBC\170\Tools\Binn\;C:\Program Files\Git\cmd;C:\Program Files\dotnet\;C:\Users\Nicolas\AppData\Local\Microsoft\WindowsApps;C:\Users\Nicolas\.dotnet\tools
USERNAME=Nicolas
OS=Windows_NT
PROCESSOR_IDENTIFIER=Intel64 Family 6 Model 142 Stepping 10, GenuineIntel



---------------  S Y S T E M  ---------------

OS: Windows 10.0 , 64 bit Build 19041 (10.0.19041.662)

CPU:total 8 (initial active 8) (4 cores per cpu, 2 threads per core) family 6 model 142 stepping 10, cmov, cx8, fxsr, mmx, sse, sse2, sse3, ssse3, sse4.1, sse4.2, popcnt, avx, avx2, aes, clmul, erms, 3dnowpref, lzcnt, ht, tsc, tscinvbit, bmi1, bmi2, adx

Memory: 4k page, physical 8268664k(740332k free), swap 8268664k(5560k free)

vm_info: OpenJDK 64-Bit Server VM (25.242-b01) for windows-amd64 JRE (1.8.0_242-release-1644-b01), built by "builder" with MS VC++ 10.0 (VS2010)

time: Mon Dec 07 18:03:02 2020
timezone: Eastern Standard Time
elapsed time: 39 seconds (0d 0h 0m 39s)

